This file contains any messages produced by compilers while
running configure, to aid debugging if configure makes a mistake.

It was created by psrsalsa configure 1.0, which was
generated by GNU Autoconf 2.69.  Invocation command line was

  $ ./configure --prefix=/local/scratch/cagar/psrsalsa_cagar/psrsalsa-1.0

## --------- ##
## Platform. ##
## --------- ##

hostname = slioch.jb.man.ac.uk
uname -m = x86_64
uname -r = 3.10.0-957.12.2.el7.x86_64
uname -s = Linux
uname -v = #1 SMP Tue May 14 15:23:27 CDT 2019

/usr/bin/uname -p = x86_64
/bin/uname -X     = unknown

/bin/arch              = x86_64
/usr/bin/arch -k       = unknown
/usr/convex/getsysinfo = unknown
/usr/bin/hostinfo      = unknown
/bin/machine           = unknown
/usr/bin/oslevel       = unknown
/bin/universe          = unknown

PATH: /local/scratch/cagar/psrsalsa_cagar/psrsalsa-1.0/bin
PATH: /packages/pulsarsoft/versions/2019-09-12/usr/x86_64_nitrogen/bin
PATH: /packages/pulsarsoft/versions/2019-09-12/share/scripts
PATH: /bin
PATH: /usr/bin
PATH: /packages/pulsarsoft/versions/2019-09-12/usr/x86_64_nitrogen/anaconda2/bin
PATH: /packages/pulsarsoft/versions/2019-09-12/experimental/x86_64_nitrogen/bin
PATH: /usr/local/gasgano/bin
PATH: /usr/local/midas/12FEB/system/unix/
PATH: /usr/local/casa/bin
PATH: /usr/local/intel-XE-15.0/composer_xe_2015.3.187/bin/intel64
PATH: /usr/local/intel-XE-15.0/composer_xe_2015.3.187/ipp/include
PATH: /usr/local/intel-XE-15.0/composer_xe_2015.3.187/debugger/gdb/intel64_mic/bin
PATH: /star/java/jre/bin
PATH: /star/java/bin
PATH: /local/scratch/cagar/psrsalsa_cagar/psrsalsa-1.0/bin
PATH: /usr/lib64/qt-3.3/bin
PATH: /home/cagar/perl5/bin
PATH: /usr/local/bin
PATH: /usr/local/sbin
PATH: /usr/sbin
PATH: /star/bin/startcl
PATH: /star/bin
PATH: /star/starjava/bin
PATH: /usr/local/cuda/bin


## ----------- ##
## Core tests. ##
## ----------- ##

configure:2575: checking for gcc
configure:2602: result: /usr/bin/gcc
configure:2831: checking for C compiler version
configure:2840: /usr/bin/gcc --version >&5
gcc (GCC) 4.8.5 20150623 (Red Hat 4.8.5-36)
Copyright (C) 2015 Free Software Foundation, Inc.
This is free software; see the source for copying conditions.  There is NO
warranty; not even for MERCHANTABILITY or FITNESS FOR A PARTICULAR PURPOSE.

configure:2851: $? = 0
configure:2840: /usr/bin/gcc -v >&5
Using built-in specs.
COLLECT_GCC=/usr/bin/gcc
COLLECT_LTO_WRAPPER=/usr/libexec/gcc/x86_64-redhat-linux/4.8.5/lto-wrapper
Target: x86_64-redhat-linux
Configured with: ../configure --prefix=/usr --mandir=/usr/share/man --infodir=/usr/share/info --with-bugurl=http://bugzilla.redhat.com/bugzilla --enable-bootstrap --enable-shared --enable-threads=posix --enable-checking=release --with-system-zlib --enable-__cxa_atexit --disable-libunwind-exceptions --enable-gnu-unique-object --enable-linker-build-id --with-linker-hash-style=gnu --enable-languages=c,c++,objc,obj-c++,java,fortran,ada,go,lto --enable-plugin --enable-initfini-array --disable-libgcj --with-isl=/builddir/build/BUILD/gcc-4.8.5-20150702/obj-x86_64-redhat-linux/isl-install --with-cloog=/builddir/build/BUILD/gcc-4.8.5-20150702/obj-x86_64-redhat-linux/cloog-install --enable-gnu-indirect-function --with-tune=generic --with-arch_32=x86-64 --build=x86_64-redhat-linux
Thread model: posix
gcc version 4.8.5 20150623 (Red Hat 4.8.5-36) (GCC) 
configure:2851: $? = 0
configure:2840: /usr/bin/gcc -V >&5
gcc: error: unrecognized command line option '-V'
gcc: fatal error: no input files
compilation terminated.
configure:2851: $? = 4
configure:2840: /usr/bin/gcc -qversion >&5
gcc: error: unrecognized command line option '-qversion'
gcc: fatal error: no input files
compilation terminated.
configure:2851: $? = 4
configure:2871: checking whether the C compiler works
configure:2893: /usr/bin/gcc -I/packages/pulsarsoft/versions/2019-09-12/usr/x86_64_nitrogen/include -O2 -g -march=core2 -mtune=generic -pipe  -L/packages/pulsarsoft/versions/2019-09-12/usr/x86_64_nitrogen/lib  conftest.c  >&5
configure:2897: $? = 0
configure:2945: result: yes
configure:2948: checking for C compiler default output file name
configure:2950: result: a.out
configure:2956: checking for suffix of executables
configure:2963: /usr/bin/gcc -o conftest -I/packages/pulsarsoft/versions/2019-09-12/usr/x86_64_nitrogen/include -O2 -g -march=core2 -mtune=generic -pipe  -L/packages/pulsarsoft/versions/2019-09-12/usr/x86_64_nitrogen/lib  conftest.c  >&5
configure:2967: $? = 0
configure:2989: result: 
configure:3011: checking whether we are cross compiling
configure:3019: /usr/bin/gcc -o conftest -I/packages/pulsarsoft/versions/2019-09-12/usr/x86_64_nitrogen/include -O2 -g -march=core2 -mtune=generic -pipe  -L/packages/pulsarsoft/versions/2019-09-12/usr/x86_64_nitrogen/lib  conftest.c  >&5
configure:3023: $? = 0
configure:3030: ./conftest
configure:3034: $? = 0
configure:3049: result: no
configure:3054: checking for suffix of object files
configure:3076: /usr/bin/gcc -c -I/packages/pulsarsoft/versions/2019-09-12/usr/x86_64_nitrogen/include -O2 -g -march=core2 -mtune=generic -pipe  conftest.c >&5
configure:3080: $? = 0
configure:3101: result: o
configure:3105: checking whether we are using the GNU C compiler
configure:3124: /usr/bin/gcc -c -I/packages/pulsarsoft/versions/2019-09-12/usr/x86_64_nitrogen/include -O2 -g -march=core2 -mtune=generic -pipe  conftest.c >&5
configure:3124: $? = 0
configure:3133: result: yes
configure:3142: checking whether /usr/bin/gcc accepts -g
configure:3162: /usr/bin/gcc -c -g  conftest.c >&5
configure:3162: $? = 0
configure:3203: result: yes
configure:3220: checking for /usr/bin/gcc option to accept ISO C89
configure:3283: /usr/bin/gcc  -c -I/packages/pulsarsoft/versions/2019-09-12/usr/x86_64_nitrogen/include -O2 -g -march=core2 -mtune=generic -pipe  conftest.c >&5
configure:3283: $? = 0
configure:3296: result: none needed
configure:3324: checking for special C compiler options needed for large files
configure:3369: result: no
configure:3375: checking for _FILE_OFFSET_BITS value needed for large files
configure:3400: /usr/bin/gcc -c -I/packages/pulsarsoft/versions/2019-09-12/usr/x86_64_nitrogen/include -O2 -g -march=core2 -mtune=generic -pipe  conftest.c >&5
configure:3400: $? = 0
configure:3432: result: no
configure:3524: checking how to run the C preprocessor
configure:3555: /usr/bin/gcc -E  conftest.c
configure:3555: $? = 0
configure:3569: /usr/bin/gcc -E  conftest.c
conftest.c:9:28: fatal error: ac_nonexistent.h: No such file or directory
 #include <ac_nonexistent.h>
                            ^
compilation terminated.
configure:3569: $? = 1
configure: failed program was:
| /* confdefs.h */
| #define PACKAGE_NAME "psrsalsa"
| #define PACKAGE_TARNAME "psrsalsa"
| #define PACKAGE_VERSION "1.0"
| #define PACKAGE_STRING "psrsalsa 1.0"
| #define PACKAGE_BUGREPORT "patrick.weltevrede@manchester.ac.uk"
| #define PACKAGE_URL "https://github.com/weltevrede/psrsalsa/"
| /* end confdefs.h.  */
| #include <ac_nonexistent.h>
configure:3594: result: /usr/bin/gcc -E
configure:3614: /usr/bin/gcc -E  conftest.c
configure:3614: $? = 0
configure:3628: /usr/bin/gcc -E  conftest.c
conftest.c:9:28: fatal error: ac_nonexistent.h: No such file or directory
 #include <ac_nonexistent.h>
                            ^
compilation terminated.
configure:3628: $? = 1
configure: failed program was:
| /* confdefs.h */
| #define PACKAGE_NAME "psrsalsa"
| #define PACKAGE_TARNAME "psrsalsa"
| #define PACKAGE_VERSION "1.0"
| #define PACKAGE_STRING "psrsalsa 1.0"
| #define PACKAGE_BUGREPORT "patrick.weltevrede@manchester.ac.uk"
| #define PACKAGE_URL "https://github.com/weltevrede/psrsalsa/"
| /* end confdefs.h.  */
| #include <ac_nonexistent.h>
configure:3657: checking for grep that handles long lines and -e
configure:3715: result: /bin/grep
configure:3720: checking for egrep
configure:3782: result: /bin/grep -E
configure:3787: checking for ANSI C header files
configure:3807: /usr/bin/gcc -c -I/packages/pulsarsoft/versions/2019-09-12/usr/x86_64_nitrogen/include -O2 -g -march=core2 -mtune=generic -pipe  conftest.c >&5
configure:3807: $? = 0
configure:3880: /usr/bin/gcc -o conftest -I/packages/pulsarsoft/versions/2019-09-12/usr/x86_64_nitrogen/include -O2 -g -march=core2 -mtune=generic -pipe  -L/packages/pulsarsoft/versions/2019-09-12/usr/x86_64_nitrogen/lib  conftest.c  >&5
configure:3880: $? = 0
configure:3880: ./conftest
configure:3880: $? = 0
configure:3891: result: yes
configure:3904: checking for sys/types.h
configure:3904: /usr/bin/gcc -c -I/packages/pulsarsoft/versions/2019-09-12/usr/x86_64_nitrogen/include -O2 -g -march=core2 -mtune=generic -pipe  conftest.c >&5
configure:3904: $? = 0
configure:3904: result: yes
configure:3904: checking for sys/stat.h
configure:3904: /usr/bin/gcc -c -I/packages/pulsarsoft/versions/2019-09-12/usr/x86_64_nitrogen/include -O2 -g -march=core2 -mtune=generic -pipe  conftest.c >&5
configure:3904: $? = 0
configure:3904: result: yes
configure:3904: checking for stdlib.h
configure:3904: /usr/bin/gcc -c -I/packages/pulsarsoft/versions/2019-09-12/usr/x86_64_nitrogen/include -O2 -g -march=core2 -mtune=generic -pipe  conftest.c >&5
configure:3904: $? = 0
configure:3904: result: yes
configure:3904: checking for string.h
configure:3904: /usr/bin/gcc -c -I/packages/pulsarsoft/versions/2019-09-12/usr/x86_64_nitrogen/include -O2 -g -march=core2 -mtune=generic -pipe  conftest.c >&5
configure:3904: $? = 0
configure:3904: result: yes
configure:3904: checking for memory.h
configure:3904: /usr/bin/gcc -c -I/packages/pulsarsoft/versions/2019-09-12/usr/x86_64_nitrogen/include -O2 -g -march=core2 -mtune=generic -pipe  conftest.c >&5
configure:3904: $? = 0
configure:3904: result: yes
configure:3904: checking for strings.h
configure:3904: /usr/bin/gcc -c -I/packages/pulsarsoft/versions/2019-09-12/usr/x86_64_nitrogen/include -O2 -g -march=core2 -mtune=generic -pipe  conftest.c >&5
configure:3904: $? = 0
configure:3904: result: yes
configure:3904: checking for inttypes.h
configure:3904: /usr/bin/gcc -c -I/packages/pulsarsoft/versions/2019-09-12/usr/x86_64_nitrogen/include -O2 -g -march=core2 -mtune=generic -pipe  conftest.c >&5
configure:3904: $? = 0
configure:3904: result: yes
configure:3904: checking for stdint.h
configure:3904: /usr/bin/gcc -c -I/packages/pulsarsoft/versions/2019-09-12/usr/x86_64_nitrogen/include -O2 -g -march=core2 -mtune=generic -pipe  conftest.c >&5
configure:3904: $? = 0
configure:3904: result: yes
configure:3904: checking for unistd.h
configure:3904: /usr/bin/gcc -c -I/packages/pulsarsoft/versions/2019-09-12/usr/x86_64_nitrogen/include -O2 -g -march=core2 -mtune=generic -pipe  conftest.c >&5
configure:3904: $? = 0
configure:3904: result: yes
configure:3916: checking whether byte ordering is bigendian
configure:3931: /usr/bin/gcc -c -I/packages/pulsarsoft/versions/2019-09-12/usr/x86_64_nitrogen/include -O2 -g -march=core2 -mtune=generic -pipe  conftest.c >&5
conftest.c:20:9: error: unknown type name 'not'
         not a universal capable compiler
         ^
conftest.c:20:15: error: expected '=', ',', ';', 'asm' or '__attribute__' before 'universal'
         not a universal capable compiler
               ^
conftest.c:20:15: error: unknown type name 'universal'
configure:3931: $? = 1
configure: failed program was:
| /* confdefs.h */
| #define PACKAGE_NAME "psrsalsa"
| #define PACKAGE_TARNAME "psrsalsa"
| #define PACKAGE_VERSION "1.0"
| #define PACKAGE_STRING "psrsalsa 1.0"
| #define PACKAGE_BUGREPORT "patrick.weltevrede@manchester.ac.uk"
| #define PACKAGE_URL "https://github.com/weltevrede/psrsalsa/"
| #define STDC_HEADERS 1
| #define HAVE_SYS_TYPES_H 1
| #define HAVE_SYS_STAT_H 1
| #define HAVE_STDLIB_H 1
| #define HAVE_STRING_H 1
| #define HAVE_MEMORY_H 1
| #define HAVE_STRINGS_H 1
| #define HAVE_INTTYPES_H 1
| #define HAVE_STDINT_H 1
| #define HAVE_UNISTD_H 1
| /* end confdefs.h.  */
| #ifndef __APPLE_CC__
| 	       not a universal capable compiler
| 	     #endif
| 	     typedef int dummy;
| 
configure:3976: /usr/bin/gcc -c -I/packages/pulsarsoft/versions/2019-09-12/usr/x86_64_nitrogen/include -O2 -g -march=core2 -mtune=generic -pipe  conftest.c >&5
configure:3976: $? = 0
configure:3994: /usr/bin/gcc -c -I/packages/pulsarsoft/versions/2019-09-12/usr/x86_64_nitrogen/include -O2 -g -march=core2 -mtune=generic -pipe  conftest.c >&5
conftest.c: In function 'main':
conftest.c:26:4: error: unknown type name 'not'
    not big endian
    ^
conftest.c:26:12: error: expected '=', ',', ';', 'asm' or '__attribute__' before 'endian'
    not big endian
            ^
configure:3994: $? = 1
configure: failed program was:
| /* confdefs.h */
| #define PACKAGE_NAME "psrsalsa"
| #define PACKAGE_TARNAME "psrsalsa"
| #define PACKAGE_VERSION "1.0"
| #define PACKAGE_STRING "psrsalsa 1.0"
| #define PACKAGE_BUGREPORT "patrick.weltevrede@manchester.ac.uk"
| #define PACKAGE_URL "https://github.com/weltevrede/psrsalsa/"
| #define STDC_HEADERS 1
| #define HAVE_SYS_TYPES_H 1
| #define HAVE_SYS_STAT_H 1
| #define HAVE_STDLIB_H 1
| #define HAVE_STRING_H 1
| #define HAVE_MEMORY_H 1
| #define HAVE_STRINGS_H 1
| #define HAVE_INTTYPES_H 1
| #define HAVE_STDINT_H 1
| #define HAVE_UNISTD_H 1
| /* end confdefs.h.  */
| #include <sys/types.h>
| 		#include <sys/param.h>
| 
| int
| main ()
| {
| #if BYTE_ORDER != BIG_ENDIAN
| 		 not big endian
| 		#endif
| 
|   ;
|   return 0;
| }
configure:4122: result: no
configure:4260: checking for C++ compiler version
configure:4269: /usr/bin/g++ --version >&5
g++ (GCC) 4.8.5 20150623 (Red Hat 4.8.5-28)
Copyright (C) 2015 Free Software Foundation, Inc.
This is free software; see the source for copying conditions.  There is NO
warranty; not even for MERCHANTABILITY or FITNESS FOR A PARTICULAR PURPOSE.

configure:4280: $? = 0
configure:4269: /usr/bin/g++ -v >&5
Using built-in specs.
COLLECT_GCC=/usr/bin/g++
COLLECT_LTO_WRAPPER=/usr/libexec/gcc/x86_64-redhat-linux/4.8.5/lto-wrapper
Target: x86_64-redhat-linux
Configured with: ../configure --prefix=/usr --mandir=/usr/share/man --infodir=/usr/share/info --with-bugurl=http://bugzilla.redhat.com/bugzilla --enable-bootstrap --enable-shared --enable-threads=posix --enable-checking=release --with-system-zlib --enable-__cxa_atexit --disable-libunwind-exceptions --enable-gnu-unique-object --enable-linker-build-id --with-linker-hash-style=gnu --enable-languages=c,c++,objc,obj-c++,java,fortran,ada,go,lto --enable-plugin --enable-initfini-array --disable-libgcj --with-isl=/builddir/build/BUILD/gcc-4.8.5-20150702/obj-x86_64-redhat-linux/isl-install --with-cloog=/builddir/build/BUILD/gcc-4.8.5-20150702/obj-x86_64-redhat-linux/cloog-install --enable-gnu-indirect-function --with-tune=generic --with-arch_32=x86-64 --build=x86_64-redhat-linux
Thread model: posix
gcc version 4.8.5 20150623 (Red Hat 4.8.5-28) (GCC) 
configure:4280: $? = 0
configure:4269: /usr/bin/g++ -V >&5
g++: error: unrecognized command line option '-V'
g++: fatal error: no input files
compilation terminated.
configure:4280: $? = 4
configure:4269: /usr/bin/g++ -qversion >&5
g++: error: unrecognized command line option '-qversion'
g++: fatal error: no input files
compilation terminated.
configure:4280: $? = 4
configure:4284: checking whether we are using the GNU C++ compiler
configure:4303: /usr/bin/g++ -c -I/packages/pulsarsoft/versions/2019-09-12/usr/x86_64_nitrogen/include -O2 -g -march=core2 -mtune=generic -pipe  conftest.cpp >&5
configure:4303: $? = 0
configure:4312: result: yes
configure:4321: checking whether /usr/bin/g++ accepts -g
configure:4341: /usr/bin/g++ -c -g  conftest.cpp >&5
configure:4341: $? = 0
configure:4382: result: yes
configure:4410: checking how to run the C++ preprocessor
configure:4437: /usr/bin/g++ -E  conftest.cpp
configure:4437: $? = 0
configure:4451: /usr/bin/g++ -E  conftest.cpp
conftest.cpp:19:28: fatal error: ac_nonexistent.h: No such file or directory
 #include <ac_nonexistent.h>
                            ^
compilation terminated.
configure:4451: $? = 1
configure: failed program was:
| /* confdefs.h */
| #define PACKAGE_NAME "psrsalsa"
| #define PACKAGE_TARNAME "psrsalsa"
| #define PACKAGE_VERSION "1.0"
| #define PACKAGE_STRING "psrsalsa 1.0"
| #define PACKAGE_BUGREPORT "patrick.weltevrede@manchester.ac.uk"
| #define PACKAGE_URL "https://github.com/weltevrede/psrsalsa/"
| #define STDC_HEADERS 1
| #define HAVE_SYS_TYPES_H 1
| #define HAVE_SYS_STAT_H 1
| #define HAVE_STDLIB_H 1
| #define HAVE_STRING_H 1
| #define HAVE_MEMORY_H 1
| #define HAVE_STRINGS_H 1
| #define HAVE_INTTYPES_H 1
| #define HAVE_STDINT_H 1
| #define HAVE_UNISTD_H 1
| /* end confdefs.h.  */
| #include <ac_nonexistent.h>
configure:4476: result: /usr/bin/g++ -E
configure:4496: /usr/bin/g++ -E  conftest.cpp
configure:4496: $? = 0
configure:4510: /usr/bin/g++ -E  conftest.cpp
conftest.cpp:19:28: fatal error: ac_nonexistent.h: No such file or directory
 #include <ac_nonexistent.h>
                            ^
compilation terminated.
configure:4510: $? = 1
configure: failed program was:
| /* confdefs.h */
| #define PACKAGE_NAME "psrsalsa"
| #define PACKAGE_TARNAME "psrsalsa"
| #define PACKAGE_VERSION "1.0"
| #define PACKAGE_STRING "psrsalsa 1.0"
| #define PACKAGE_BUGREPORT "patrick.weltevrede@manchester.ac.uk"
| #define PACKAGE_URL "https://github.com/weltevrede/psrsalsa/"
| #define STDC_HEADERS 1
| #define HAVE_SYS_TYPES_H 1
| #define HAVE_SYS_STAT_H 1
| #define HAVE_STDLIB_H 1
| #define HAVE_STRING_H 1
| #define HAVE_MEMORY_H 1
| #define HAVE_STRINGS_H 1
| #define HAVE_INTTYPES_H 1
| #define HAVE_STDINT_H 1
| #define HAVE_UNISTD_H 1
| /* end confdefs.h.  */
| #include <ac_nonexistent.h>
configure:4586: checking for gcc
configure:4613: result: /usr/bin/gcc
configure:4842: checking for C compiler version
configure:4851: /usr/bin/gcc --version >&5
gcc (GCC) 4.8.5 20150623 (Red Hat 4.8.5-36)
Copyright (C) 2015 Free Software Foundation, Inc.
This is free software; see the source for copying conditions.  There is NO
warranty; not even for MERCHANTABILITY or FITNESS FOR A PARTICULAR PURPOSE.

configure:4862: $? = 0
configure:4851: /usr/bin/gcc -v >&5
Using built-in specs.
COLLECT_GCC=/usr/bin/gcc
COLLECT_LTO_WRAPPER=/usr/libexec/gcc/x86_64-redhat-linux/4.8.5/lto-wrapper
Target: x86_64-redhat-linux
Configured with: ../configure --prefix=/usr --mandir=/usr/share/man --infodir=/usr/share/info --with-bugurl=http://bugzilla.redhat.com/bugzilla --enable-bootstrap --enable-shared --enable-threads=posix --enable-checking=release --with-system-zlib --enable-__cxa_atexit --disable-libunwind-exceptions --enable-gnu-unique-object --enable-linker-build-id --with-linker-hash-style=gnu --enable-languages=c,c++,objc,obj-c++,java,fortran,ada,go,lto --enable-plugin --enable-initfini-array --disable-libgcj --with-isl=/builddir/build/BUILD/gcc-4.8.5-20150702/obj-x86_64-redhat-linux/isl-install --with-cloog=/builddir/build/BUILD/gcc-4.8.5-20150702/obj-x86_64-redhat-linux/cloog-install --enable-gnu-indirect-function --with-tune=generic --with-arch_32=x86-64 --build=x86_64-redhat-linux
Thread model: posix
gcc version 4.8.5 20150623 (Red Hat 4.8.5-36) (GCC) 
configure:4862: $? = 0
configure:4851: /usr/bin/gcc -V >&5
gcc: error: unrecognized command line option '-V'
gcc: fatal error: no input files
compilation terminated.
configure:4862: $? = 4
configure:4851: /usr/bin/gcc -qversion >&5
gcc: error: unrecognized command line option '-qversion'
gcc: fatal error: no input files
compilation terminated.
configure:4862: $? = 4
configure:4866: checking whether we are using the GNU C compiler
configure:4894: result: yes
configure:4903: checking whether /usr/bin/gcc accepts -g
configure:4964: result: yes
configure:4981: checking for /usr/bin/gcc option to accept ISO C89
configure:5057: result: none needed
configure:5082: checking how to run the C preprocessor
configure:5152: result: /usr/bin/gcc -E
configure:5172: /usr/bin/gcc -E  conftest.c
configure:5172: $? = 0
configure:5186: /usr/bin/gcc -E  conftest.c
conftest.c:19:28: fatal error: ac_nonexistent.h: No such file or directory
 #include <ac_nonexistent.h>
                            ^
compilation terminated.
configure:5186: $? = 1
configure: failed program was:
| /* confdefs.h */
| #define PACKAGE_NAME "psrsalsa"
| #define PACKAGE_TARNAME "psrsalsa"
| #define PACKAGE_VERSION "1.0"
| #define PACKAGE_STRING "psrsalsa 1.0"
| #define PACKAGE_BUGREPORT "patrick.weltevrede@manchester.ac.uk"
| #define PACKAGE_URL "https://github.com/weltevrede/psrsalsa/"
| #define STDC_HEADERS 1
| #define HAVE_SYS_TYPES_H 1
| #define HAVE_SYS_STAT_H 1
| #define HAVE_STDLIB_H 1
| #define HAVE_STRING_H 1
| #define HAVE_MEMORY_H 1
| #define HAVE_STRINGS_H 1
| #define HAVE_INTTYPES_H 1
| #define HAVE_STDINT_H 1
| #define HAVE_UNISTD_H 1
| /* end confdefs.h.  */
| #include <ac_nonexistent.h>
configure:5215: checking whether /usr/bin/gcc and cc understand -c and -o together
configure:5246: /usr/bin/gcc -c conftest.c -o conftest2.o >&5
configure:5250: $? = 0
configure:5256: /usr/bin/gcc -c conftest.c -o conftest2.o >&5
configure:5260: $? = 0
configure:5271: cc -c conftest.c >&5
configure:5275: $? = 0
configure:5283: cc -c conftest.c -o conftest2.o >&5
configure:5287: $? = 0
configure:5293: cc -c conftest.c -o conftest2.o >&5
configure:5297: $? = 0
configure:5315: result: yes
configure:5449: checking for Fortran 77 compiler version
configure:5458: /usr/bin/gfortran --version >&5
GNU Fortran (GCC) 4.8.5 20150623 (Red Hat 4.8.5-28)
Copyright (C) 2015 Free Software Foundation, Inc.

GNU Fortran comes with NO WARRANTY, to the extent permitted by law.
You may redistribute copies of GNU Fortran
under the terms of the GNU General Public License.
For more information about these matters, see the file named COPYING

configure:5469: $? = 0
configure:5458: /usr/bin/gfortran -v >&5
Using built-in specs.
COLLECT_GCC=/usr/bin/gfortran
COLLECT_LTO_WRAPPER=/usr/libexec/gcc/x86_64-redhat-linux/4.8.5/lto-wrapper
Target: x86_64-redhat-linux
Configured with: ../configure --prefix=/usr --mandir=/usr/share/man --infodir=/usr/share/info --with-bugurl=http://bugzilla.redhat.com/bugzilla --enable-bootstrap --enable-shared --enable-threads=posix --enable-checking=release --with-system-zlib --enable-__cxa_atexit --disable-libunwind-exceptions --enable-gnu-unique-object --enable-linker-build-id --with-linker-hash-style=gnu --enable-languages=c,c++,objc,obj-c++,java,fortran,ada,go,lto --enable-plugin --enable-initfini-array --disable-libgcj --with-isl=/builddir/build/BUILD/gcc-4.8.5-20150702/obj-x86_64-redhat-linux/isl-install --with-cloog=/builddir/build/BUILD/gcc-4.8.5-20150702/obj-x86_64-redhat-linux/cloog-install --enable-gnu-indirect-function --with-tune=generic --with-arch_32=x86-64 --build=x86_64-redhat-linux
Thread model: posix
gcc version 4.8.5 20150623 (Red Hat 4.8.5-28) (GCC) 
configure:5469: $? = 0
configure:5458: /usr/bin/gfortran -V >&5
gfortran: error: unrecognized command line option '-V'
gfortran: fatal error: no input files
compilation terminated.
configure:5469: $? = 4
configure:5458: /usr/bin/gfortran -qversion >&5
gfortran: error: unrecognized command line option '-qversion'
gfortran: fatal error: no input files
compilation terminated.
configure:5469: $? = 4
configure:5478: checking whether we are using the GNU Fortran 77 compiler
configure:5491: /usr/bin/gfortran -c -O -g -ffixed-line-length-none conftest.F >&5
configure:5491: $? = 0
configure:5500: result: yes
configure:5506: checking whether /usr/bin/gfortran accepts -g
configure:5517: /usr/bin/gfortran -c -g conftest.f >&5
configure:5517: $? = 0
configure:5525: result: yes
configure:5558: checking whether /usr/bin/gfortran understands -c and -o together
configure:5576: /usr/bin/gfortran -O -g -ffixed-line-length-none -c conftest.f -o conftest2.o >&5
configure:5580: $? = 0
configure:5587: /usr/bin/gfortran -O -g -ffixed-line-length-none -c conftest.f -o conftest2.o >&5
configure:5591: $? = 0
configure:5599: result: yes
configure:5617: checking build system type
configure:5631: result: x86_64-unknown-linux-gnu
configure:5651: checking host system type
configure:5664: result: x86_64-unknown-linux-gnu
configure:5689: checking how to get verbose linking output from /usr/bin/gfortran
configure:5699: /usr/bin/gfortran -c -O -g -ffixed-line-length-none conftest.f >&5
configure:5699: $? = 0
configure:5717: /usr/bin/gfortran -o conftest -O -g -ffixed-line-length-none -v -L/packages/pulsarsoft/versions/2019-09-12/usr/x86_64_nitrogen/lib conftest.f
Using built-in specs.
Target: x86_64-redhat-linux
Thread model: posix
gcc version 4.8.5 20150623 (Red Hat 4.8.5-28) (GCC) 
 /usr/libexec/gcc/x86_64-redhat-linux/4.8.5/f951 conftest.f -ffixed-form -quiet -dumpbase conftest.f -mtune=generic -march=x86-64 -auxbase conftest -g -O -version -ffixed-line-length-none -fintrinsic-modules-path /usr/lib/gcc/x86_64-redhat-linux/4.8.5/finclude -o /tmp/ccsNQ2k3.s
GNU Fortran (GCC) version 4.8.5 20150623 (Red Hat 4.8.5-28) (x86_64-redhat-linux)
	compiled by GNU C version 4.8.5 20150623 (Red Hat 4.8.5-28), GMP version 6.0.0, MPFR version 3.1.1, MPC version 1.0.1
GGC heuristics: --param ggc-min-expand=100 --param ggc-min-heapsize=131072
GNU Fortran (GCC) version 4.8.5 20150623 (Red Hat 4.8.5-28) (x86_64-redhat-linux)
	compiled by GNU C version 4.8.5 20150623 (Red Hat 4.8.5-28), GMP version 6.0.0, MPFR version 3.1.1, MPC version 1.0.1
GGC heuristics: --param ggc-min-expand=100 --param ggc-min-heapsize=131072
 as -v --64 -o /tmp/cchJLjzS.o /tmp/ccsNQ2k3.s
GNU assembler version 2.27 (x86_64-redhat-linux) using BFD version version 2.27-34.base.el7
Reading specs from /usr/lib/gcc/x86_64-redhat-linux/4.8.5/libgfortran.spec
rename spec lib to liborig
 /usr/libexec/gcc/x86_64-redhat-linux/4.8.5/collect2 --build-id --no-add-needed --eh-frame-hdr --hash-style=gnu -m elf_x86_64 -dynamic-linker /lib64/ld-linux-x86-64.so.2 -o conftest /usr/lib/gcc/x86_64-redhat-linux/4.8.5/../../../../lib64/crt1.o /usr/lib/gcc/x86_64-redhat-linux/4.8.5/../../../../lib64/crti.o /usr/lib/gcc/x86_64-redhat-linux/4.8.5/crtbegin.o -L/packages/pulsarsoft/versions/2019-09-12/usr/x86_64_nitrogen/lib -L/usr/lib/gcc/x86_64-redhat-linux/4.8.5 -L/usr/lib/gcc/x86_64-redhat-linux/4.8.5/../../../../lib64 -L/lib/../lib64 -L/usr/lib/../lib64 -L/usr/local/intel-XE-15.0/composer_xe_2015.3.187/compiler/lib/intel64 -L/usr/local/intel-XE-15.0/composer_xe_2015.3.187/ipp/../compiler/lib/intel64 -L/usr/local/intel-XE-15.0/composer_xe_2015.3.187/ipp/lib/intel64 -L/usr/local/intel-XE-15.0/composer_xe_2015.3.187/compiler/lib/intel64 -L/usr/local/intel-XE-15.0/composer_xe_2015.3.187/mkl/lib/intel64 -L/usr/local/intel-XE-15.0/composer_xe_2015.3.187/tbb/lib/intel64/gcc4.4 -L/usr/local/intel-XE-15.0/composer_xe_2015.3.187/compiler/lib/intel64 -L/usr/local/intel-XE-15.0/composer_xe_2015.3.187/ipp/../compiler/lib/intel64 -L/usr/local/intel-XE-15.0/composer_xe_2015.3.187/ipp/lib/intel64 -L/usr/local/intel-XE-15.0/composer_xe_2015.3.187/compiler/lib/intel64 -L/usr/local/intel-XE-15.0/composer_xe_2015.3.187/mkl/lib/intel64 -L/usr/local/intel-XE-15.0/composer_xe_2015.3.187/tbb/lib/intel64/gcc4.4 -L/usr/lib/gcc/x86_64-redhat-linux/4.8.5/../../.. /tmp/cchJLjzS.o -lgfortran -lm -lgcc_s -lgcc -lquadmath -lm -lgcc_s -lgcc -lc -lgcc_s -lgcc /usr/lib/gcc/x86_64-redhat-linux/4.8.5/crtend.o /usr/lib/gcc/x86_64-redhat-linux/4.8.5/../../../../lib64/crtn.o
configure:5800: result: -v
configure:5802: checking for Fortran 77 libraries of /usr/bin/gfortran
configure:5825: /usr/bin/gfortran -o conftest -O -g -ffixed-line-length-none -v -L/packages/pulsarsoft/versions/2019-09-12/usr/x86_64_nitrogen/lib conftest.f
Using built-in specs.
Target: x86_64-redhat-linux
Thread model: posix
gcc version 4.8.5 20150623 (Red Hat 4.8.5-28) (GCC) 
 /usr/libexec/gcc/x86_64-redhat-linux/4.8.5/f951 conftest.f -ffixed-form -quiet -dumpbase conftest.f -mtune=generic -march=x86-64 -auxbase conftest -g -O -version -ffixed-line-length-none -fintrinsic-modules-path /usr/lib/gcc/x86_64-redhat-linux/4.8.5/finclude -o /tmp/ccYSGhK4.s
GNU Fortran (GCC) version 4.8.5 20150623 (Red Hat 4.8.5-28) (x86_64-redhat-linux)
	compiled by GNU C version 4.8.5 20150623 (Red Hat 4.8.5-28), GMP version 6.0.0, MPFR version 3.1.1, MPC version 1.0.1
GGC heuristics: --param ggc-min-expand=100 --param ggc-min-heapsize=131072
GNU Fortran (GCC) version 4.8.5 20150623 (Red Hat 4.8.5-28) (x86_64-redhat-linux)
	compiled by GNU C version 4.8.5 20150623 (Red Hat 4.8.5-28), GMP version 6.0.0, MPFR version 3.1.1, MPC version 1.0.1
GGC heuristics: --param ggc-min-expand=100 --param ggc-min-heapsize=131072
 as -v --64 -o /tmp/ccTCVD8T.o /tmp/ccYSGhK4.s
GNU assembler version 2.27 (x86_64-redhat-linux) using BFD version version 2.27-34.base.el7
Reading specs from /usr/lib/gcc/x86_64-redhat-linux/4.8.5/libgfortran.spec
rename spec lib to liborig
 /usr/libexec/gcc/x86_64-redhat-linux/4.8.5/collect2 --build-id --no-add-needed --eh-frame-hdr --hash-style=gnu -m elf_x86_64 -dynamic-linker /lib64/ld-linux-x86-64.so.2 -o conftest /usr/lib/gcc/x86_64-redhat-linux/4.8.5/../../../../lib64/crt1.o /usr/lib/gcc/x86_64-redhat-linux/4.8.5/../../../../lib64/crti.o /usr/lib/gcc/x86_64-redhat-linux/4.8.5/crtbegin.o -L/packages/pulsarsoft/versions/2019-09-12/usr/x86_64_nitrogen/lib -L/usr/lib/gcc/x86_64-redhat-linux/4.8.5 -L/usr/lib/gcc/x86_64-redhat-linux/4.8.5/../../../../lib64 -L/lib/../lib64 -L/usr/lib/../lib64 -L/usr/local/intel-XE-15.0/composer_xe_2015.3.187/compiler/lib/intel64 -L/usr/local/intel-XE-15.0/composer_xe_2015.3.187/ipp/../compiler/lib/intel64 -L/usr/local/intel-XE-15.0/composer_xe_2015.3.187/ipp/lib/intel64 -L/usr/local/intel-XE-15.0/composer_xe_2015.3.187/compiler/lib/intel64 -L/usr/local/intel-XE-15.0/composer_xe_2015.3.187/mkl/lib/intel64 -L/usr/local/intel-XE-15.0/composer_xe_2015.3.187/tbb/lib/intel64/gcc4.4 -L/usr/local/intel-XE-15.0/composer_xe_2015.3.187/compiler/lib/intel64 -L/usr/local/intel-XE-15.0/composer_xe_2015.3.187/ipp/../compiler/lib/intel64 -L/usr/local/intel-XE-15.0/composer_xe_2015.3.187/ipp/lib/intel64 -L/usr/local/intel-XE-15.0/composer_xe_2015.3.187/compiler/lib/intel64 -L/usr/local/intel-XE-15.0/composer_xe_2015.3.187/mkl/lib/intel64 -L/usr/local/intel-XE-15.0/composer_xe_2015.3.187/tbb/lib/intel64/gcc4.4 -L/usr/lib/gcc/x86_64-redhat-linux/4.8.5/../../.. /tmp/ccTCVD8T.o -lgfortran -lm -lgcc_s -lgcc -lquadmath -lm -lgcc_s -lgcc -lc -lgcc_s -lgcc /usr/lib/gcc/x86_64-redhat-linux/4.8.5/crtend.o /usr/lib/gcc/x86_64-redhat-linux/4.8.5/../../../../lib64/crtn.o
configure:6021: result:  -L/packages/pulsarsoft/versions/2019-09-12/usr/x86_64_nitrogen/lib -L/usr/lib/gcc/x86_64-redhat-linux/4.8.5 -L/usr/lib/gcc/x86_64-redhat-linux/4.8.5/../../../../lib64 -L/lib/../lib64 -L/usr/lib/../lib64 -L/usr/local/intel-XE-15.0/composer_xe_2015.3.187/compiler/lib/intel64 -L/usr/local/intel-XE-15.0/composer_xe_2015.3.187/ipp/../compiler/lib/intel64 -L/usr/local/intel-XE-15.0/composer_xe_2015.3.187/ipp/lib/intel64 -L/usr/local/intel-XE-15.0/composer_xe_2015.3.187/mkl/lib/intel64 -L/usr/local/intel-XE-15.0/composer_xe_2015.3.187/tbb/lib/intel64/gcc4.4 -L/usr/lib/gcc/x86_64-redhat-linux/4.8.5/../../.. -lgfortran -lm -lquadmath
configure:6138: checking for Fortran compiler version
configure:6147: /usr/bin/gfortran --version >&5
GNU Fortran (GCC) 4.8.5 20150623 (Red Hat 4.8.5-28)
Copyright (C) 2015 Free Software Foundation, Inc.

GNU Fortran comes with NO WARRANTY, to the extent permitted by law.
You may redistribute copies of GNU Fortran
under the terms of the GNU General Public License.
For more information about these matters, see the file named COPYING

configure:6158: $? = 0
configure:6147: /usr/bin/gfortran -v >&5
Using built-in specs.
COLLECT_GCC=/usr/bin/gfortran
COLLECT_LTO_WRAPPER=/usr/libexec/gcc/x86_64-redhat-linux/4.8.5/lto-wrapper
Target: x86_64-redhat-linux
Configured with: ../configure --prefix=/usr --mandir=/usr/share/man --infodir=/usr/share/info --with-bugurl=http://bugzilla.redhat.com/bugzilla --enable-bootstrap --enable-shared --enable-threads=posix --enable-checking=release --with-system-zlib --enable-__cxa_atexit --disable-libunwind-exceptions --enable-gnu-unique-object --enable-linker-build-id --with-linker-hash-style=gnu --enable-languages=c,c++,objc,obj-c++,java,fortran,ada,go,lto --enable-plugin --enable-initfini-array --disable-libgcj --with-isl=/builddir/build/BUILD/gcc-4.8.5-20150702/obj-x86_64-redhat-linux/isl-install --with-cloog=/builddir/build/BUILD/gcc-4.8.5-20150702/obj-x86_64-redhat-linux/cloog-install --enable-gnu-indirect-function --with-tune=generic --with-arch_32=x86-64 --build=x86_64-redhat-linux
Thread model: posix
gcc version 4.8.5 20150623 (Red Hat 4.8.5-28) (GCC) 
configure:6158: $? = 0
configure:6147: /usr/bin/gfortran -V >&5
gfortran: error: unrecognized command line option '-V'
gfortran: fatal error: no input files
compilation terminated.
configure:6158: $? = 4
configure:6147: /usr/bin/gfortran -qversion >&5
gfortran: error: unrecognized command line option '-qversion'
gfortran: fatal error: no input files
compilation terminated.
configure:6158: $? = 4
configure:6167: checking whether we are using the GNU Fortran compiler
configure:6180: /usr/bin/gfortran -c   conftest.F >&5
configure:6180: $? = 0
configure:6189: result: yes
configure:6195: checking whether /usr/bin/gfortran accepts -g
configure:6206: /usr/bin/gfortran -c -g  conftest.f >&5
configure:6206: $? = 0
configure:6214: result: yes
configure:6259: checking for a BSD-compatible install
configure:6327: result: /bin/install -c
configure:6384: checking how to print strings
configure:6411: result: printf
configure:6432: checking for a sed that does not truncate output
configure:6496: result: /bin/sed
configure:6514: checking for fgrep
configure:6576: result: /bin/grep -F
configure:6611: checking for ld used by /usr/bin/gcc
configure:6678: result: /bin/ld
configure:6685: checking if the linker (/bin/ld) is GNU ld
configure:6700: result: yes
configure:6712: checking for BSD- or MS-compatible name lister (nm)
configure:6761: result: /bin/nm -B
configure:6891: checking the name lister (/bin/nm -B) interface
configure:6898: /usr/bin/gcc -c -I/packages/pulsarsoft/versions/2019-09-12/usr/x86_64_nitrogen/include -O2 -g -march=core2 -mtune=generic -pipe  conftest.c >&5
configure:6901: /bin/nm -B "conftest.o"
configure:6904: output
0000000000000000 B some_variable
configure:6911: result: BSD nm
configure:6914: checking whether ln -s works
configure:6918: result: yes
configure:6926: checking the maximum length of command line arguments
configure:7056: result: 1572864
configure:7073: checking whether the shell understands some XSI constructs
configure:7083: result: yes
configure:7087: checking whether the shell understands "+="
configure:7093: result: yes
configure:7128: checking how to convert x86_64-unknown-linux-gnu file names to x86_64-unknown-linux-gnu format
configure:7168: result: func_convert_file_noop
configure:7175: checking how to convert x86_64-unknown-linux-gnu file names to toolchain format
configure:7195: result: func_convert_file_noop
configure:7202: checking for /bin/ld option to reload object files
configure:7209: result: -r
configure:7283: checking for objdump
configure:7299: found /bin/objdump
configure:7310: result: objdump
configure:7342: checking how to recognize dependent libraries
configure:7544: result: pass_all
configure:7629: checking for dlltool
configure:7659: result: no
configure:7689: checking how to associate runtime and link libraries
configure:7716: result: printf %s\n
configure:7776: checking for ar
configure:7792: found /bin/ar
configure:7803: result: ar
configure:7840: checking for archiver @FILE support
configure:7857: /usr/bin/gcc -c -I/packages/pulsarsoft/versions/2019-09-12/usr/x86_64_nitrogen/include -O2 -g -march=core2 -mtune=generic -pipe  conftest.c >&5
configure:7857: $? = 0
configure:7860: ar cru libconftest.a @conftest.lst >&5
configure:7863: $? = 0
configure:7868: ar cru libconftest.a @conftest.lst >&5
ar: conftest.o: No such file or directory
configure:7871: $? = 1
configure:7883: result: @
configure:7941: checking for strip
configure:7957: found /bin/strip
configure:7968: result: strip
configure:8040: checking for ranlib
configure:8056: found /bin/ranlib
configure:8067: result: ranlib
configure:8144: checking for gawk
configure:8160: found /bin/gawk
configure:8171: result: gawk
configure:8211: checking command to parse /bin/nm -B output from /usr/bin/gcc object
configure:8331: /usr/bin/gcc -c -I/packages/pulsarsoft/versions/2019-09-12/usr/x86_64_nitrogen/include -O2 -g -march=core2 -mtune=generic -pipe  conftest.c >&5
configure:8334: $? = 0
configure:8338: /bin/nm -B conftest.o \| sed -n -e 's/^.*[ ]\([ABCDGIRSTW][ABCDGIRSTW]*\)[ ][ ]*\([_A-Za-z][_A-Za-z0-9]*\)$/\1 \2 \2/p' | sed '/ __gnu_lto/d' \> conftest.nm
configure:8341: $? = 0
configure:8407: /usr/bin/gcc -o conftest -I/packages/pulsarsoft/versions/2019-09-12/usr/x86_64_nitrogen/include -O2 -g -march=core2 -mtune=generic -pipe  -L/packages/pulsarsoft/versions/2019-09-12/usr/x86_64_nitrogen/lib  conftest.c conftstm.o >&5
configure:8410: $? = 0
configure:8448: result: ok
configure:8485: checking for sysroot
configure:8515: result: no
configure:8592: /usr/bin/gcc -c -I/packages/pulsarsoft/versions/2019-09-12/usr/x86_64_nitrogen/include -O2 -g -march=core2 -mtune=generic -pipe  conftest.c >&5
configure:8595: $? = 0
configure:8771: checking for mt
configure:8801: result: no
configure:8821: checking if : is a manifest tool
configure:8827: : '-?'
configure:8835: result: no
configure:9474: checking for dlfcn.h
configure:9474: /usr/bin/gcc -c -I/packages/pulsarsoft/versions/2019-09-12/usr/x86_64_nitrogen/include -O2 -g -march=core2 -mtune=generic -pipe  conftest.c >&5
configure:9474: $? = 0
configure:9474: result: yes
configure:9692: checking for objdir
configure:9707: result: .libs
configure:9978: checking if /usr/bin/gcc supports -fno-rtti -fno-exceptions
configure:9996: /usr/bin/gcc -c -I/packages/pulsarsoft/versions/2019-09-12/usr/x86_64_nitrogen/include -O2 -g -march=core2 -mtune=generic -pipe  -fno-rtti -fno-exceptions conftest.c >&5
cc1: warning: command line option '-fno-rtti' is valid for C++/ObjC++ but not for C [enabled by default]
configure:10000: $? = 0
configure:10013: result: no
configure:10340: checking for /usr/bin/gcc option to produce PIC
configure:10347: result: -fPIC -DPIC
configure:10355: checking if /usr/bin/gcc PIC flag -fPIC -DPIC works
configure:10373: /usr/bin/gcc -c -I/packages/pulsarsoft/versions/2019-09-12/usr/x86_64_nitrogen/include -O2 -g -march=core2 -mtune=generic -pipe  -fPIC -DPIC -DPIC conftest.c >&5
configure:10377: $? = 0
configure:10390: result: yes
configure:10419: checking if /usr/bin/gcc static flag -static works
configure:10447: result: no
configure:10462: checking if /usr/bin/gcc supports -c -o file.o
configure:10483: /usr/bin/gcc -c -I/packages/pulsarsoft/versions/2019-09-12/usr/x86_64_nitrogen/include -O2 -g -march=core2 -mtune=generic -pipe  -o out/conftest2.o conftest.c >&5
configure:10487: $? = 0
configure:10509: result: yes
configure:10517: checking if /usr/bin/gcc supports -c -o file.o
configure:10564: result: yes
configure:10597: checking whether the /usr/bin/gcc linker (/bin/ld -m elf_x86_64) supports shared libraries
configure:11750: result: yes
configure:11787: checking whether -lc should be explicitly linked in
configure:11795: /usr/bin/gcc -c -I/packages/pulsarsoft/versions/2019-09-12/usr/x86_64_nitrogen/include -O2 -g -march=core2 -mtune=generic -pipe  conftest.c >&5
configure:11798: $? = 0
configure:11813: /usr/bin/gcc -shared  -fPIC -DPIC conftest.o  -v -Wl,-soname -Wl,conftest -o conftest 2\>\&1 \| /bin/grep  -lc  \>/dev/null 2\>\&1
configure:11816: $? = 0
configure:11830: result: no
configure:11990: checking dynamic linker characteristics
configure:12501: /usr/bin/gcc -o conftest -I/packages/pulsarsoft/versions/2019-09-12/usr/x86_64_nitrogen/include -O2 -g -march=core2 -mtune=generic -pipe  -L/packages/pulsarsoft/versions/2019-09-12/usr/x86_64_nitrogen/lib  -Wl,-rpath -Wl,/foo conftest.c  >&5
configure:12501: $? = 0
configure:12727: result: GNU/Linux ld.so
configure:12834: checking how to hardcode library paths into programs
configure:12859: result: immediate
configure:13399: checking whether stripping libraries is possible
configure:13404: result: yes
configure:13439: checking if libtool supports shared libraries
configure:13441: result: yes
configure:13444: checking whether to build shared libraries
configure:13465: result: yes
configure:13468: checking whether to build static libraries
configure:13472: result: yes
configure:13495: checking how to run the C++ preprocessor
configure:13561: result: /usr/bin/g++ -E
configure:13581: /usr/bin/g++ -E  conftest.cpp
configure:13581: $? = 0
configure:13595: /usr/bin/g++ -E  conftest.cpp
conftest.cpp:21:28: fatal error: ac_nonexistent.h: No such file or directory
 #include <ac_nonexistent.h>
                            ^
compilation terminated.
configure:13595: $? = 1
configure: failed program was:
| /* confdefs.h */
| #define PACKAGE_NAME "psrsalsa"
| #define PACKAGE_TARNAME "psrsalsa"
| #define PACKAGE_VERSION "1.0"
| #define PACKAGE_STRING "psrsalsa 1.0"
| #define PACKAGE_BUGREPORT "patrick.weltevrede@manchester.ac.uk"
| #define PACKAGE_URL "https://github.com/weltevrede/psrsalsa/"
| #define STDC_HEADERS 1
| #define HAVE_SYS_TYPES_H 1
| #define HAVE_SYS_STAT_H 1
| #define HAVE_STDLIB_H 1
| #define HAVE_STRING_H 1
| #define HAVE_MEMORY_H 1
| #define HAVE_STRINGS_H 1
| #define HAVE_INTTYPES_H 1
| #define HAVE_STDINT_H 1
| #define HAVE_UNISTD_H 1
| #define HAVE_DLFCN_H 1
| #define LT_OBJDIR ".libs/"
| /* end confdefs.h.  */
| #include <ac_nonexistent.h>
configure:13764: checking for ld used by /usr/bin/g++
configure:13831: result: /bin/ld -m elf_x86_64
configure:13838: checking if the linker (/bin/ld -m elf_x86_64) is GNU ld
configure:13853: result: yes
configure:13908: checking whether the /usr/bin/g++ linker (/bin/ld -m elf_x86_64) supports shared libraries
configure:14913: result: yes
configure:14949: /usr/bin/g++ -c -I/packages/pulsarsoft/versions/2019-09-12/usr/x86_64_nitrogen/include -O2 -g -march=core2 -mtune=generic -pipe  conftest.cpp >&5
configure:14952: $? = 0
configure:15472: checking for /usr/bin/g++ option to produce PIC
configure:15479: result: -fPIC -DPIC
configure:15487: checking if /usr/bin/g++ PIC flag -fPIC -DPIC works
configure:15505: /usr/bin/g++ -c -I/packages/pulsarsoft/versions/2019-09-12/usr/x86_64_nitrogen/include -O2 -g -march=core2 -mtune=generic -pipe  -fPIC -DPIC -DPIC conftest.cpp >&5
configure:15509: $? = 0
configure:15522: result: yes
configure:15545: checking if /usr/bin/g++ static flag -static works
configure:15573: result: no
configure:15585: checking if /usr/bin/g++ supports -c -o file.o
configure:15606: /usr/bin/g++ -c -I/packages/pulsarsoft/versions/2019-09-12/usr/x86_64_nitrogen/include -O2 -g -march=core2 -mtune=generic -pipe  -o out/conftest2.o conftest.cpp >&5
configure:15610: $? = 0
configure:15632: result: yes
configure:15637: checking if /usr/bin/g++ supports -c -o file.o
configure:15684: result: yes
configure:15714: checking whether the /usr/bin/g++ linker (/bin/ld -m elf_x86_64) supports shared libraries
configure:15750: result: yes
configure:15891: checking dynamic linker characteristics
configure:16562: result: GNU/Linux ld.so
configure:16615: checking how to hardcode library paths into programs
configure:16640: result: immediate
configure:16788: checking if libtool supports shared libraries
configure:16790: result: yes
configure:16793: checking whether to build shared libraries
configure:16813: result: yes
configure:16816: checking whether to build static libraries
configure:16820: result: yes
configure:17141: checking for /usr/bin/gfortran option to produce PIC
configure:17148: result: -fPIC
configure:17156: checking if /usr/bin/gfortran PIC flag -fPIC works
configure:17174: /usr/bin/gfortran -c -O -g -ffixed-line-length-none -fPIC conftest.f >&5
configure:17178: $? = 0
configure:17191: result: yes
configure:17214: checking if /usr/bin/gfortran static flag -static works
configure:17242: result: no
configure:17254: checking if /usr/bin/gfortran supports -c -o file.o
configure:17275: /usr/bin/gfortran -c -O -g -ffixed-line-length-none -o out/conftest2.o conftest.f >&5
configure:17279: $? = 0
configure:17301: result: yes
configure:17306: checking if /usr/bin/gfortran supports -c -o file.o
configure:17353: result: yes
configure:17383: checking whether the /usr/bin/gfortran linker (/bin/ld -m elf_x86_64) supports shared libraries
configure:18486: result: yes
configure:18627: checking dynamic linker characteristics
configure:19292: result: GNU/Linux ld.so
configure:19345: checking how to hardcode library paths into programs
configure:19370: result: immediate
configure:19514: checking if libtool supports shared libraries
configure:19516: result: yes
configure:19519: checking whether to build shared libraries
configure:19539: result: yes
configure:19542: checking whether to build static libraries
configure:19546: result: yes
configure:19580: /usr/bin/gfortran -c -g -O2  conftest.f >&5
configure:19583: $? = 0
configure:20012: checking for /usr/bin/gfortran option to produce PIC
configure:20019: result: -fPIC
configure:20027: checking if /usr/bin/gfortran PIC flag -fPIC works
configure:20045: /usr/bin/gfortran -c -g -O2 -fPIC  conftest.f >&5
configure:20049: $? = 0
configure:20062: result: yes
configure:20085: checking if /usr/bin/gfortran static flag -static works
configure:20113: result: no
configure:20125: checking if /usr/bin/gfortran supports -c -o file.o
configure:20146: /usr/bin/gfortran -c -g -O2 -o out/conftest2.o  conftest.f >&5
configure:20150: $? = 0
configure:20172: result: yes
configure:20177: checking if /usr/bin/gfortran supports -c -o file.o
configure:20224: result: yes
configure:20254: checking whether the /usr/bin/gfortran linker (/bin/ld -m elf_x86_64) supports shared libraries
configure:21357: result: yes
configure:21498: checking dynamic linker characteristics
configure:22163: result: GNU/Linux ld.so
configure:22216: checking how to hardcode library paths into programs
configure:22241: result: immediate
configure:22295: checking for cos in -lm
configure:22320: /usr/bin/gcc -o conftest -I/packages/pulsarsoft/versions/2019-09-12/usr/x86_64_nitrogen/include -O2 -g -march=core2 -mtune=generic -pipe  -L/packages/pulsarsoft/versions/2019-09-12/usr/x86_64_nitrogen/lib  conftest.c -lm   >&5
conftest.c:28:6: warning: conflicting types for built-in function 'cos' [enabled by default]
 char cos ();
      ^
configure:22320: $? = 0
configure:22329: result: yes
configure:22507: checking for the pthreads library -lpthreads
configure:22540: /usr/bin/gcc -o conftest -I/packages/pulsarsoft/versions/2019-09-12/usr/x86_64_nitrogen/include -O2 -g -march=core2 -mtune=generic -pipe -Wno-error   -L/packages/pulsarsoft/versions/2019-09-12/usr/x86_64_nitrogen/lib  conftest.c -lpthreads -lm  >&5
/bin/ld: cannot find -lpthreads
collect2: error: ld returned 1 exit status
configure:22540: $? = 1
configure: failed program was:
| /* confdefs.h */
| #define PACKAGE_NAME "psrsalsa"
| #define PACKAGE_TARNAME "psrsalsa"
| #define PACKAGE_VERSION "1.0"
| #define PACKAGE_STRING "psrsalsa 1.0"
| #define PACKAGE_BUGREPORT "patrick.weltevrede@manchester.ac.uk"
| #define PACKAGE_URL "https://github.com/weltevrede/psrsalsa/"
| #define STDC_HEADERS 1
| #define HAVE_SYS_TYPES_H 1
| #define HAVE_SYS_STAT_H 1
| #define HAVE_STDLIB_H 1
| #define HAVE_STRING_H 1
| #define HAVE_MEMORY_H 1
| #define HAVE_STRINGS_H 1
| #define HAVE_INTTYPES_H 1
| #define HAVE_STDINT_H 1
| #define HAVE_UNISTD_H 1
| #define HAVE_DLFCN_H 1
| #define LT_OBJDIR ".libs/"
| #define HAVE_LIBM 1
| /* end confdefs.h.  */
| #include <pthread.h>
| int
| main ()
| {
| pthread_t th; pthread_join(th, 0);
|                      pthread_attr_init(0); pthread_cleanup_push(0, 0);
|                      pthread_create(0,0,0,0); pthread_cleanup_pop(0);
|   ;
|   return 0;
| }
configure:22549: result: no
configure:22452: checking whether pthreads work without any flags
configure:22540: /usr/bin/gcc -o conftest -I/packages/pulsarsoft/versions/2019-09-12/usr/x86_64_nitrogen/include -O2 -g -march=core2 -mtune=generic -pipe -Wno-error   -L/packages/pulsarsoft/versions/2019-09-12/usr/x86_64_nitrogen/lib  conftest.c  -lm  >&5
/tmp/cc2MFR3L.o: In function `main':
/local/scratch/cagar/psrsalsa_cagar/psrsalsa-1.0/conftest.c:26: undefined reference to `pthread_join'
/local/scratch/cagar/psrsalsa_cagar/psrsalsa-1.0/conftest.c:27: undefined reference to `__pthread_register_cancel'
/local/scratch/cagar/psrsalsa_cagar/psrsalsa-1.0/conftest.c:28: undefined reference to `pthread_create'
/local/scratch/cagar/psrsalsa_cagar/psrsalsa-1.0/conftest.c:28: undefined reference to `__pthread_unregister_cancel'
collect2: error: ld returned 1 exit status
configure:22540: $? = 1
configure: failed program was:
| /* confdefs.h */
| #define PACKAGE_NAME "psrsalsa"
| #define PACKAGE_TARNAME "psrsalsa"
| #define PACKAGE_VERSION "1.0"
| #define PACKAGE_STRING "psrsalsa 1.0"
| #define PACKAGE_BUGREPORT "patrick.weltevrede@manchester.ac.uk"
| #define PACKAGE_URL "https://github.com/weltevrede/psrsalsa/"
| #define STDC_HEADERS 1
| #define HAVE_SYS_TYPES_H 1
| #define HAVE_SYS_STAT_H 1
| #define HAVE_STDLIB_H 1
| #define HAVE_STRING_H 1
| #define HAVE_MEMORY_H 1
| #define HAVE_STRINGS_H 1
| #define HAVE_INTTYPES_H 1
| #define HAVE_STDINT_H 1
| #define HAVE_UNISTD_H 1
| #define HAVE_DLFCN_H 1
| #define LT_OBJDIR ".libs/"
| #define HAVE_LIBM 1
| /* end confdefs.h.  */
| #include <pthread.h>
| int
| main ()
| {
| pthread_t th; pthread_join(th, 0);
|                      pthread_attr_init(0); pthread_cleanup_push(0, 0);
|                      pthread_create(0,0,0,0); pthread_cleanup_pop(0);
|   ;
|   return 0;
| }
configure:22549: result: no
configure:22457: checking whether pthreads work with -Kthread
configure:22540: /usr/bin/gcc -o conftest -I/packages/pulsarsoft/versions/2019-09-12/usr/x86_64_nitrogen/include -O2 -g -march=core2 -mtune=generic -pipe -Wno-error -Kthread  -L/packages/pulsarsoft/versions/2019-09-12/usr/x86_64_nitrogen/lib  conftest.c  -lm  >&5
gcc: error: unrecognized command line option '-Kthread'
configure:22540: $? = 1
configure: failed program was:
| /* confdefs.h */
| #define PACKAGE_NAME "psrsalsa"
| #define PACKAGE_TARNAME "psrsalsa"
| #define PACKAGE_VERSION "1.0"
| #define PACKAGE_STRING "psrsalsa 1.0"
| #define PACKAGE_BUGREPORT "patrick.weltevrede@manchester.ac.uk"
| #define PACKAGE_URL "https://github.com/weltevrede/psrsalsa/"
| #define STDC_HEADERS 1
| #define HAVE_SYS_TYPES_H 1
| #define HAVE_SYS_STAT_H 1
| #define HAVE_STDLIB_H 1
| #define HAVE_STRING_H 1
| #define HAVE_MEMORY_H 1
| #define HAVE_STRINGS_H 1
| #define HAVE_INTTYPES_H 1
| #define HAVE_STDINT_H 1
| #define HAVE_UNISTD_H 1
| #define HAVE_DLFCN_H 1
| #define LT_OBJDIR ".libs/"
| #define HAVE_LIBM 1
| /* end confdefs.h.  */
| #include <pthread.h>
| int
| main ()
| {
| pthread_t th; pthread_join(th, 0);
|                      pthread_attr_init(0); pthread_cleanup_push(0, 0);
|                      pthread_create(0,0,0,0); pthread_cleanup_pop(0);
|   ;
|   return 0;
| }
configure:22549: result: no
configure:22457: checking whether pthreads work with -kthread
configure:22540: /usr/bin/gcc -o conftest -I/packages/pulsarsoft/versions/2019-09-12/usr/x86_64_nitrogen/include -O2 -g -march=core2 -mtune=generic -pipe -Wno-error -kthread  -L/packages/pulsarsoft/versions/2019-09-12/usr/x86_64_nitrogen/lib  conftest.c  -lm  >&5
gcc: error: unrecognized command line option '-kthread'
configure:22540: $? = 1
configure: failed program was:
| /* confdefs.h */
| #define PACKAGE_NAME "psrsalsa"
| #define PACKAGE_TARNAME "psrsalsa"
| #define PACKAGE_VERSION "1.0"
| #define PACKAGE_STRING "psrsalsa 1.0"
| #define PACKAGE_BUGREPORT "patrick.weltevrede@manchester.ac.uk"
| #define PACKAGE_URL "https://github.com/weltevrede/psrsalsa/"
| #define STDC_HEADERS 1
| #define HAVE_SYS_TYPES_H 1
| #define HAVE_SYS_STAT_H 1
| #define HAVE_STDLIB_H 1
| #define HAVE_STRING_H 1
| #define HAVE_MEMORY_H 1
| #define HAVE_STRINGS_H 1
| #define HAVE_INTTYPES_H 1
| #define HAVE_STDINT_H 1
| #define HAVE_UNISTD_H 1
| #define HAVE_DLFCN_H 1
| #define LT_OBJDIR ".libs/"
| #define HAVE_LIBM 1
| /* end confdefs.h.  */
| #include <pthread.h>
| int
| main ()
| {
| pthread_t th; pthread_join(th, 0);
|                      pthread_attr_init(0); pthread_cleanup_push(0, 0);
|                      pthread_create(0,0,0,0); pthread_cleanup_pop(0);
|   ;
|   return 0;
| }
configure:22549: result: no
configure:22507: checking for the pthreads library -llthread
configure:22540: /usr/bin/gcc -o conftest -I/packages/pulsarsoft/versions/2019-09-12/usr/x86_64_nitrogen/include -O2 -g -march=core2 -mtune=generic -pipe -Wno-error   -L/packages/pulsarsoft/versions/2019-09-12/usr/x86_64_nitrogen/lib  conftest.c -llthread -lm  >&5
/bin/ld: cannot find -llthread
collect2: error: ld returned 1 exit status
configure:22540: $? = 1
configure: failed program was:
| /* confdefs.h */
| #define PACKAGE_NAME "psrsalsa"
| #define PACKAGE_TARNAME "psrsalsa"
| #define PACKAGE_VERSION "1.0"
| #define PACKAGE_STRING "psrsalsa 1.0"
| #define PACKAGE_BUGREPORT "patrick.weltevrede@manchester.ac.uk"
| #define PACKAGE_URL "https://github.com/weltevrede/psrsalsa/"
| #define STDC_HEADERS 1
| #define HAVE_SYS_TYPES_H 1
| #define HAVE_SYS_STAT_H 1
| #define HAVE_STDLIB_H 1
| #define HAVE_STRING_H 1
| #define HAVE_MEMORY_H 1
| #define HAVE_STRINGS_H 1
| #define HAVE_INTTYPES_H 1
| #define HAVE_STDINT_H 1
| #define HAVE_UNISTD_H 1
| #define HAVE_DLFCN_H 1
| #define LT_OBJDIR ".libs/"
| #define HAVE_LIBM 1
| /* end confdefs.h.  */
| #include <pthread.h>
| int
| main ()
| {
| pthread_t th; pthread_join(th, 0);
|                      pthread_attr_init(0); pthread_cleanup_push(0, 0);
|                      pthread_create(0,0,0,0); pthread_cleanup_pop(0);
|   ;
|   return 0;
| }
configure:22549: result: no
configure:22457: checking whether pthreads work with -pthread
configure:22540: /usr/bin/gcc -o conftest -I/packages/pulsarsoft/versions/2019-09-12/usr/x86_64_nitrogen/include -O2 -g -march=core2 -mtune=generic -pipe -Wno-error -pthread  -L/packages/pulsarsoft/versions/2019-09-12/usr/x86_64_nitrogen/lib  conftest.c  -lm  >&5
configure:22540: $? = 0
configure:22549: result: yes
configure:22568: checking for joinable pthread attribute
configure:22583: /usr/bin/gcc -o conftest -I/packages/pulsarsoft/versions/2019-09-12/usr/x86_64_nitrogen/include -O2 -g -march=core2 -mtune=generic -pipe -Wno-error -pthread  -L/packages/pulsarsoft/versions/2019-09-12/usr/x86_64_nitrogen/lib  conftest.c  -lm  >&5
configure:22583: $? = 0
configure:22589: result: PTHREAD_CREATE_JOINABLE
configure:22599: checking if more special flags are required for pthreads
configure:22606: result: no
configure:22695: checking whether to check for GCC pthread/shared inconsistencies
configure:22708: /usr/bin/gcc -o conftest -shared -fPIC -Wl,-z,defs -I/packages/pulsarsoft/versions/2019-09-12/usr/x86_64_nitrogen/include -O2 -g -march=core2 -mtune=generic -pipe -Wno-error -pthread  -L/packages/pulsarsoft/versions/2019-09-12/usr/x86_64_nitrogen/lib  conftest.c  -lm  >&5
configure:22708: $? = 0
configure:22720: result: yes
configure:22726: checking whether -pthread is sufficient with -shared
configure:22741: /usr/bin/gcc -o conftest -shared -fPIC -Wl,-z,defs -I/packages/pulsarsoft/versions/2019-09-12/usr/x86_64_nitrogen/include -O2 -g -march=core2 -mtune=generic -pipe -Wno-error -pthread  -L/packages/pulsarsoft/versions/2019-09-12/usr/x86_64_nitrogen/lib  conftest.c  -lm  >&5
configure:22741: $? = 0
configure:22748: result: yes
configure:22874: checking for dummy main to link with Fortran 77 libraries
configure:22908: /usr/bin/gcc -o conftest -I/packages/pulsarsoft/versions/2019-09-12/usr/x86_64_nitrogen/include -O2 -g -march=core2 -mtune=generic -pipe -Wno-error  -L/packages/pulsarsoft/versions/2019-09-12/usr/x86_64_nitrogen/lib  conftest.c -lm   -L/packages/pulsarsoft/versions/2019-09-12/usr/x86_64_nitrogen/lib -L/usr/lib/gcc/x86_64-redhat-linux/4.8.5 -L/usr/lib/gcc/x86_64-redhat-linux/4.8.5/../../../../lib64 -L/lib/../lib64 -L/usr/lib/../lib64 -L/usr/local/intel-XE-15.0/composer_xe_2015.3.187/compiler/lib/intel64 -L/usr/local/intel-XE-15.0/composer_xe_2015.3.187/ipp/../compiler/lib/intel64 -L/usr/local/intel-XE-15.0/composer_xe_2015.3.187/ipp/lib/intel64 -L/usr/local/intel-XE-15.0/composer_xe_2015.3.187/mkl/lib/intel64 -L/usr/local/intel-XE-15.0/composer_xe_2015.3.187/tbb/lib/intel64/gcc4.4 -L/usr/lib/gcc/x86_64-redhat-linux/4.8.5/../../.. -lgfortran -lm -lquadmath >&5
configure:22908: $? = 0
configure:22953: result: none
configure:22986: checking for Fortran 77 name-mangling scheme
configure:22999: /usr/bin/gfortran -c -O -g -ffixed-line-length-none conftest.f >&5
configure:22999: $? = 0
configure:23040: /usr/bin/gcc -o conftest -I/packages/pulsarsoft/versions/2019-09-12/usr/x86_64_nitrogen/include -O2 -g -march=core2 -mtune=generic -pipe -Wno-error  -L/packages/pulsarsoft/versions/2019-09-12/usr/x86_64_nitrogen/lib  conftest.c cfortran_test.o -lm   -L/packages/pulsarsoft/versions/2019-09-12/usr/x86_64_nitrogen/lib -L/usr/lib/gcc/x86_64-redhat-linux/4.8.5 -L/usr/lib/gcc/x86_64-redhat-linux/4.8.5/../../../../lib64 -L/lib/../lib64 -L/usr/lib/../lib64 -L/usr/local/intel-XE-15.0/composer_xe_2015.3.187/compiler/lib/intel64 -L/usr/local/intel-XE-15.0/composer_xe_2015.3.187/ipp/../compiler/lib/intel64 -L/usr/local/intel-XE-15.0/composer_xe_2015.3.187/ipp/lib/intel64 -L/usr/local/intel-XE-15.0/composer_xe_2015.3.187/mkl/lib/intel64 -L/usr/local/intel-XE-15.0/composer_xe_2015.3.187/tbb/lib/intel64/gcc4.4 -L/usr/lib/gcc/x86_64-redhat-linux/4.8.5/../../.. -lgfortran -lm -lquadmath >&5
/tmp/cc6xLtPd.o: In function `main':
/local/scratch/cagar/psrsalsa_cagar/psrsalsa-1.0/conftest.c:42: undefined reference to `foobar'
collect2: error: ld returned 1 exit status
configure:23040: $? = 1
configure: failed program was:
| /* confdefs.h */
| #define PACKAGE_NAME "psrsalsa"
| #define PACKAGE_TARNAME "psrsalsa"
| #define PACKAGE_VERSION "1.0"
| #define PACKAGE_STRING "psrsalsa 1.0"
| #define PACKAGE_BUGREPORT "patrick.weltevrede@manchester.ac.uk"
| #define PACKAGE_URL "https://github.com/weltevrede/psrsalsa/"
| #define STDC_HEADERS 1
| #define HAVE_SYS_TYPES_H 1
| #define HAVE_SYS_STAT_H 1
| #define HAVE_STDLIB_H 1
| #define HAVE_STRING_H 1
| #define HAVE_MEMORY_H 1
| #define HAVE_STRINGS_H 1
| #define HAVE_INTTYPES_H 1
| #define HAVE_STDINT_H 1
| #define HAVE_UNISTD_H 1
| #define HAVE_DLFCN_H 1
| #define LT_OBJDIR ".libs/"
| #define HAVE_LIBM 1
| #define HAVE_PTHREAD 1
| /* end confdefs.h.  */
| 
| /* Override any GCC internal prototype to avoid an error.
|    Use char because int might match the return type of a GCC
|    builtin and then its argument prototype would still apply.  */
| #ifdef __cplusplus
| extern "C"
| #endif
| char foobar ();
| #ifdef F77_DUMMY_MAIN
| 
| #  ifdef __cplusplus
|      extern "C"
| #  endif
|    int F77_DUMMY_MAIN() { return 1; }
| 
| #endif
| int
| main ()
| {
| return foobar ();
|   ;
|   return 0;
| }
configure:23040: /usr/bin/gcc -o conftest -I/packages/pulsarsoft/versions/2019-09-12/usr/x86_64_nitrogen/include -O2 -g -march=core2 -mtune=generic -pipe -Wno-error  -L/packages/pulsarsoft/versions/2019-09-12/usr/x86_64_nitrogen/lib  conftest.c cfortran_test.o -lm   -L/packages/pulsarsoft/versions/2019-09-12/usr/x86_64_nitrogen/lib -L/usr/lib/gcc/x86_64-redhat-linux/4.8.5 -L/usr/lib/gcc/x86_64-redhat-linux/4.8.5/../../../../lib64 -L/lib/../lib64 -L/usr/lib/../lib64 -L/usr/local/intel-XE-15.0/composer_xe_2015.3.187/compiler/lib/intel64 -L/usr/local/intel-XE-15.0/composer_xe_2015.3.187/ipp/../compiler/lib/intel64 -L/usr/local/intel-XE-15.0/composer_xe_2015.3.187/ipp/lib/intel64 -L/usr/local/intel-XE-15.0/composer_xe_2015.3.187/mkl/lib/intel64 -L/usr/local/intel-XE-15.0/composer_xe_2015.3.187/tbb/lib/intel64/gcc4.4 -L/usr/lib/gcc/x86_64-redhat-linux/4.8.5/../../.. -lgfortran -lm -lquadmath >&5
configure:23040: $? = 0
configure:23098: /usr/bin/gcc -o conftest -I/packages/pulsarsoft/versions/2019-09-12/usr/x86_64_nitrogen/include -O2 -g -march=core2 -mtune=generic -pipe -Wno-error  -L/packages/pulsarsoft/versions/2019-09-12/usr/x86_64_nitrogen/lib  conftest.c cfortran_test.o -lm   -L/packages/pulsarsoft/versions/2019-09-12/usr/x86_64_nitrogen/lib -L/usr/lib/gcc/x86_64-redhat-linux/4.8.5 -L/usr/lib/gcc/x86_64-redhat-linux/4.8.5/../../../../lib64 -L/lib/../lib64 -L/usr/lib/../lib64 -L/usr/local/intel-XE-15.0/composer_xe_2015.3.187/compiler/lib/intel64 -L/usr/local/intel-XE-15.0/composer_xe_2015.3.187/ipp/../compiler/lib/intel64 -L/usr/local/intel-XE-15.0/composer_xe_2015.3.187/ipp/lib/intel64 -L/usr/local/intel-XE-15.0/composer_xe_2015.3.187/mkl/lib/intel64 -L/usr/local/intel-XE-15.0/composer_xe_2015.3.187/tbb/lib/intel64/gcc4.4 -L/usr/lib/gcc/x86_64-redhat-linux/4.8.5/../../.. -lgfortran -lm -lquadmath >&5
configure:23098: $? = 0
configure:23140: result: lower case, underscore, no extra underscore
configure:23212: checking C and Fortran compilers are compatible
/usr/bin/gfortran -O -g -ffixed-line-length-none conftest_for.f -c -o conftest_for.o
/usr/bin/gcc conftest_c.c conftest_for.o -I/packages/pulsarsoft/versions/2019-09-12/usr/x86_64_nitrogen/include -O2 -g -march=core2 -mtune=generic -pipe -Wno-error -L/packages/pulsarsoft/versions/2019-09-12/usr/x86_64_nitrogen/lib  -lm   -L/packages/pulsarsoft/versions/2019-09-12/usr/x86_64_nitrogen/lib -L/usr/lib/gcc/x86_64-redhat-linux/4.8.5 -L/usr/lib/gcc/x86_64-redhat-linux/4.8.5/../../../../lib64 -L/lib/../lib64 -L/usr/lib/../lib64 -L/usr/local/intel-XE-15.0/composer_xe_2015.3.187/compiler/lib/intel64 -L/usr/local/intel-XE-15.0/composer_xe_2015.3.187/ipp/../compiler/lib/intel64 -L/usr/local/intel-XE-15.0/composer_xe_2015.3.187/ipp/lib/intel64 -L/usr/local/intel-XE-15.0/composer_xe_2015.3.187/mkl/lib/intel64 -L/usr/local/intel-XE-15.0/composer_xe_2015.3.187/tbb/lib/intel64/gcc4.4 -L/usr/lib/gcc/x86_64-redhat-linux/4.8.5/../../.. -lgfortran -lm -lquadmath -o conftest_cfor
configure:23257: result: yes
configure:23272: checking for X
configure:23380: /usr/bin/gcc -E  conftest.c
configure:23380: $? = 0
configure:23419: /usr/bin/gcc -o conftest -I/packages/pulsarsoft/versions/2019-09-12/usr/x86_64_nitrogen/include -O2 -g -march=core2 -mtune=generic -pipe -Wno-error  -L/packages/pulsarsoft/versions/2019-09-12/usr/x86_64_nitrogen/lib  conftest.c -lX11 -lm  >&5
configure:23419: $? = 0
configure:23469: result: libraries , headers 
configure:23592: /usr/bin/gcc -o conftest -I/packages/pulsarsoft/versions/2019-09-12/usr/x86_64_nitrogen/include -O2 -g -march=core2 -mtune=generic -pipe -Wno-error  -L/packages/pulsarsoft/versions/2019-09-12/usr/x86_64_nitrogen/lib  conftest.c -lm   -lX11 >&5
configure:23592: $? = 0
configure:23706: checking for gethostbyname
configure:23706: /usr/bin/gcc -o conftest -I/packages/pulsarsoft/versions/2019-09-12/usr/x86_64_nitrogen/include -O2 -g -march=core2 -mtune=generic -pipe -Wno-error  -L/packages/pulsarsoft/versions/2019-09-12/usr/x86_64_nitrogen/lib  conftest.c -lm  >&5
configure:23706: $? = 0
configure:23706: result: yes
configure:23819: checking for connect
configure:23819: /usr/bin/gcc -o conftest -I/packages/pulsarsoft/versions/2019-09-12/usr/x86_64_nitrogen/include -O2 -g -march=core2 -mtune=generic -pipe -Wno-error  -L/packages/pulsarsoft/versions/2019-09-12/usr/x86_64_nitrogen/lib  conftest.c -lm  >&5
configure:23819: $? = 0
configure:23819: result: yes
configure:23876: checking for remove
configure:23876: /usr/bin/gcc -o conftest -I/packages/pulsarsoft/versions/2019-09-12/usr/x86_64_nitrogen/include -O2 -g -march=core2 -mtune=generic -pipe -Wno-error  -L/packages/pulsarsoft/versions/2019-09-12/usr/x86_64_nitrogen/lib  conftest.c -lm  >&5
configure:23876: $? = 0
configure:23876: result: yes
configure:23933: checking for shmat
configure:23933: /usr/bin/gcc -o conftest -I/packages/pulsarsoft/versions/2019-09-12/usr/x86_64_nitrogen/include -O2 -g -march=core2 -mtune=generic -pipe -Wno-error  -L/packages/pulsarsoft/versions/2019-09-12/usr/x86_64_nitrogen/lib  conftest.c -lm  >&5
configure:23933: $? = 0
configure:23933: result: yes
configure:23999: checking for IceConnectionNumber in -lICE
configure:24032: /usr/bin/gcc -o conftest -I/packages/pulsarsoft/versions/2019-09-12/usr/x86_64_nitrogen/include -O2 -g -march=core2 -mtune=generic -pipe -Wno-error  -L/packages/pulsarsoft/versions/2019-09-12/usr/x86_64_nitrogen/lib  conftest.c -lICE  -lm  >&5
configure:24032: $? = 0
configure:24041: result: yes
configure:24055: checking for libX11.so
configure:24072: result: no
configure:24074: result: X_LIBS=
configure:24076: result: X_PRE_LIBS= -lSM -lICE
configure:24078: result: X_EXTRA_LIBS=
configure:24080: result: X_CFLAGS=
configure:24097: checking for PGPLOT installation
configure:24139: /usr/bin/gcc -o conftest -I/packages/pulsarsoft/versions/2019-09-12/usr/x86_64_nitrogen/include -O2 -g -march=core2 -mtune=generic -pipe -Wno-error -I/packages/pulsarsoft/versions/2019-09-12/usr/x86_64_nitrogen/share/pgplot  -L/packages/pulsarsoft/versions/2019-09-12/usr/x86_64_nitrogen/lib  conftest.c -lm  -L/packages/pulsarsoft/versions/2019-09-12/usr/x86_64_nitrogen/share/pgplot -lcpgplot -lpgplot  -L/packages/pulsarsoft/versions/2019-09-12/usr/x86_64_nitrogen/lib -L/usr/lib/gcc/x86_64-redhat-linux/4.8.5 -L/usr/lib/gcc/x86_64-redhat-linux/4.8.5/../../../../lib64 -L/lib/../lib64 -L/usr/lib/../lib64 -L/usr/local/intel-XE-15.0/composer_xe_2015.3.187/compiler/lib/intel64 -L/usr/local/intel-XE-15.0/composer_xe_2015.3.187/ipp/../compiler/lib/intel64 -L/usr/local/intel-XE-15.0/composer_xe_2015.3.187/ipp/lib/intel64 -L/usr/local/intel-XE-15.0/composer_xe_2015.3.187/mkl/lib/intel64 -L/usr/local/intel-XE-15.0/composer_xe_2015.3.187/tbb/lib/intel64/gcc4.4 -L/usr/lib/gcc/x86_64-redhat-linux/4.8.5/../../.. -lgfortran -lm -lquadmath  >&5
configure:24139: $? = 0
configure:24273: result: yes
configure:24321: checking for FFTW3 single precision libraries
configure:24357: /usr/bin/gcc -o conftest -I/packages/pulsarsoft/versions/2019-09-12/usr/x86_64_nitrogen/include -O2 -g -march=core2 -mtune=generic -pipe -Wno-error  -I/include  -L/packages/pulsarsoft/versions/2019-09-12/usr/x86_64_nitrogen/lib  conftest.c -lm  -L/lib -lfftw3f -lm >&5
configure:24357: $? = 0
configure:24365: result: yes
configure:24396: checking for FFTW3 multi-threaded library
configure:24419: /usr/bin/gcc -o conftest -I/packages/pulsarsoft/versions/2019-09-12/usr/x86_64_nitrogen/include -O2 -g -march=core2 -mtune=generic -pipe -Wno-error  -I/include -pthread  -L/packages/pulsarsoft/versions/2019-09-12/usr/x86_64_nitrogen/lib  conftest.c -lm  -lfftw3f_threads -L/lib -lfftw3f -lm  >&5
configure:24419: $? = 0
configure:24427: result: yes
configure:24460: checking for libraries containing socket functions
configure:24496: /usr/bin/gcc -o conftest -I/packages/pulsarsoft/versions/2019-09-12/usr/x86_64_nitrogen/include -O2 -g -march=core2 -mtune=generic -pipe -Wno-error  -L/packages/pulsarsoft/versions/2019-09-12/usr/x86_64_nitrogen/lib  conftest.c -lm  >&5
configure:24496: $? = 0
configure:24587: result: -lc
configure:24663: checking for CFITSIO installation
configure:24711: /usr/bin/gcc -c -I. -I/packages/pulsarsoft/versions/2019-09-12/usr/x86_64_nitrogen/include -O2 -g -march=core2 -mtune=generic -pipe -Wno-error  conftest.c >&5
configure:24711: $? = 0
configure:24786: /usr/bin/gcc -o conftest  -I/packages/pulsarsoft/versions/2019-09-12/usr/x86_64_nitrogen/include -O2 -g -march=core2 -mtune=generic -pipe -Wno-error  -L/packages/pulsarsoft/versions/2019-09-12/usr/x86_64_nitrogen/lib  conftest.c -L/packages/pulsarsoft/versions/2019-09-12/usr/x86_64_nitrogen/lib -lcfitsio -lm  -lm  >&5
configure:24786: $? = 0
configure:24810: result: yes
configure:24878: checking for gsl-config
configure:24896: found /packages/pulsarsoft/versions/2019-09-12/usr/x86_64_nitrogen/bin/gsl-config
configure:24909: result: /packages/pulsarsoft/versions/2019-09-12/usr/x86_64_nitrogen/bin/gsl-config
configure:24918: checking for GSL - version >= 1.0.0
configure:25012: /usr/bin/gcc -o conftest -I/packages/pulsarsoft/versions/2019-09-12/usr/x86_64_nitrogen/include -O2 -g -march=core2 -mtune=generic -pipe -Wno-error -I/packages/pulsarsoft/versions/2019-09-12/usr/x86_64_nitrogen/include  -L/packages/pulsarsoft/versions/2019-09-12/usr/x86_64_nitrogen/lib  conftest.c -lm  -L/packages/pulsarsoft/versions/2019-09-12/usr/x86_64_nitrogen/lib -lgsl -lgslcblas -lm >&5
configure:25012: $? = 0
configure:25012: ./conftest
configure:25012: $? = 0
configure:25026: result: yes
configure:25106: Found GSL version: 2.6 = 206
configure:25109: Found GSL CFLAGS: -I/packages/pulsarsoft/versions/2019-09-12/usr/x86_64_nitrogen/include -DGSL_VERSION_NUMBER=206
configure:25143: checking for pkg-config
configure:25161: found /bin/pkg-config
configure:25174: result: /bin/pkg-config
configure:25195: checking for GTK+ - version >= 3.10.0
configure:25302: /usr/bin/gcc -o conftest -I/packages/pulsarsoft/versions/2019-09-12/usr/x86_64_nitrogen/include -O2 -g -march=core2 -mtune=generic -pipe -Wno-error -pthread -I/usr/include/gtk-3.0 -I/usr/include/atk-1.0 -I/usr/include/at-spi2-atk/2.0 -I/usr/include/pango-1.0 -I/usr/include/gio-unix-2.0/ -I/usr/include/cairo -I/usr/include/gdk-pixbuf-2.0 -I/usr/include/glib-2.0 -I/usr/lib64/glib-2.0/include -I/usr/include/at-spi-2.0 -I/usr/include/dbus-1.0 -I/usr/lib64/dbus-1.0/include -I/usr/include/libdrm -I/usr/include/harfbuzz -I/usr/include/freetype2 -I/usr/include/fribidi -I/usr/include/libpng15 -I/usr/include/uuid -I/usr/include/pixman-1    -L/packages/pulsarsoft/versions/2019-09-12/usr/x86_64_nitrogen/lib  conftest.c -lgtk-3 -lgdk-3 -latk-1.0 -lgio-2.0 -lpangocairo-1.0 -lgdk_pixbuf-2.0 -lcairo-gobject -lpango-1.0 -lcairo -lgobject-2.0 -lglib-2.0   -lm  >&5
configure:25302: $? = 0
configure:25302: ./conftest
configure:25302: $? = 0
configure:25316: result: yes (version 3.22.30)
configure:25389: Found GTK CFLAGS: -pthread -I/usr/include/gtk-3.0 -I/usr/include/atk-1.0 -I/usr/include/at-spi2-atk/2.0 -I/usr/include/pango-1.0 -I/usr/include/gio-unix-2.0/ -I/usr/include/cairo -I/usr/include/gdk-pixbuf-2.0 -I/usr/include/glib-2.0 -I/usr/lib64/glib-2.0/include -I/usr/include/at-spi-2.0 -I/usr/include/dbus-1.0 -I/usr/lib64/dbus-1.0/include -I/usr/include/libdrm -I/usr/include/harfbuzz -I/usr/include/freetype2 -I/usr/include/fribidi -I/usr/include/libpng15 -I/usr/include/uuid -I/usr/include/pixman-1   -DTEMPO3_EnableGTK=1
configure:25463: checking whether build environment is sane
configure:25518: result: yes
configure:25666: checking for a thread-safe mkdir -p
configure:25705: result: /bin/mkdir -p
configure:25708: checking whether make sets $(MAKE)
configure:25730: result: yes
configure:25760: checking for style of include used by make
configure:25788: result: GNU
configure:25822: checking whether make supports nested variables
configure:25839: result: yes
configure:25924: checking dependency style of /usr/bin/gcc
configure:26035: result: gcc3
configure:26052: checking dependency style of /usr/bin/g++
configure:26163: result: gcc3
configure:26311: checking that generated files are newer than configure
configure:26317: result: done
configure:26344: creating ./config.status

## ---------------------- ##
## Running config.status. ##
## ---------------------- ##

This file was extended by psrsalsa config.status 1.0, which was
generated by GNU Autoconf 2.69.  Invocation command line was

  CONFIG_FILES    = 
  CONFIG_HEADERS  = 
  CONFIG_LINKS    = 
  CONFIG_COMMANDS = 
  $ ./config.status 

on slioch.jb.man.ac.uk

config.status:1316: creating Makefile
config.status:1316: creating src/Makefile
config.status:1316: creating src/lib/Makefile
config.status:1316: creating src/prog/Makefile
config.status:1316: creating src/slalib/Makefile
config.status:1316: creating config.h
config.status:1545: executing libtool commands
config.status:1545: executing depfiles commands
configure:29317: Fortran compiler is /usr/bin/gfortran -O -g -ffixed-line-length-none
configure:29319: C compiler is /usr/bin/gcc -I/packages/pulsarsoft/versions/2019-09-12/usr/x86_64_nitrogen/include -O2 -g -march=core2 -mtune=generic -pipe -Wno-error
configure:29321: Global linking flags are -L/packages/pulsarsoft/versions/2019-09-12/usr/x86_64_nitrogen/lib 
configure:29329: PGPLOT compile flags are "-I/packages/pulsarsoft/versions/2019-09-12/usr/x86_64_nitrogen/share/pgplot"
configure:29331: PGPLOT linking flags are "-L/packages/pulsarsoft/versions/2019-09-12/usr/x86_64_nitrogen/share/pgplot -lcpgplot -lpgplot  -L/packages/pulsarsoft/versions/2019-09-12/usr/x86_64_nitrogen/lib -L/usr/lib/gcc/x86_64-redhat-linux/4.8.5 -L/usr/lib/gcc/x86_64-redhat-linux/4.8.5/../../../../lib64 -L/lib/../lib64 -L/usr/lib/../lib64 -L/usr/local/intel-XE-15.0/composer_xe_2015.3.187/compiler/lib/intel64 -L/usr/local/intel-XE-15.0/composer_xe_2015.3.187/ipp/../compiler/lib/intel64 -L/usr/local/intel-XE-15.0/composer_xe_2015.3.187/ipp/lib/intel64 -L/usr/local/intel-XE-15.0/composer_xe_2015.3.187/mkl/lib/intel64 -L/usr/local/intel-XE-15.0/composer_xe_2015.3.187/tbb/lib/intel64/gcc4.4 -L/usr/lib/gcc/x86_64-redhat-linux/4.8.5/../../.. -lgfortran -lm -lquadmath "

## ---------------- ##
## Cache variables. ##
## ---------------- ##

ac_cv_build=x86_64-unknown-linux-gnu
ac_cv_c_bigendian=no
ac_cv_c_compiler_gnu=yes
ac_cv_cxx_compiler_gnu=yes
ac_cv_env_CCC_set=
ac_cv_env_CCC_value=
ac_cv_env_CC_set=set
ac_cv_env_CC_value=/usr/bin/gcc
ac_cv_env_CFLAGS_set=set
ac_cv_env_CFLAGS_value='-I/packages/pulsarsoft/versions/2019-09-12/usr/x86_64_nitrogen/include -O2 -g -march=core2 -mtune=generic -pipe'
ac_cv_env_CPPFLAGS_set=
ac_cv_env_CPPFLAGS_value=
ac_cv_env_CPP_set=
ac_cv_env_CPP_value=
ac_cv_env_CXXCPP_set=
ac_cv_env_CXXCPP_value=
ac_cv_env_CXXFLAGS_set=set
ac_cv_env_CXXFLAGS_value='-I/packages/pulsarsoft/versions/2019-09-12/usr/x86_64_nitrogen/include -O2 -g -march=core2 -mtune=generic -pipe'
ac_cv_env_CXX_set=set
ac_cv_env_CXX_value=/usr/bin/g++
ac_cv_env_F77_set=set
ac_cv_env_F77_value=/usr/bin/gfortran
ac_cv_env_FCFLAGS_set=
ac_cv_env_FCFLAGS_value=
ac_cv_env_FC_set=set
ac_cv_env_FC_value=/usr/bin/gfortran
ac_cv_env_FFLAGS_set=set
ac_cv_env_FFLAGS_value='-O -g -ffixed-line-length-none'
ac_cv_env_LDFLAGS_set=set
ac_cv_env_LDFLAGS_value='-L/packages/pulsarsoft/versions/2019-09-12/usr/x86_64_nitrogen/lib '
ac_cv_env_LIBS_set=
ac_cv_env_LIBS_value=
ac_cv_env_XMKMF_set=
ac_cv_env_XMKMF_value=
ac_cv_env_build_alias_set=
ac_cv_env_build_alias_value=
ac_cv_env_host_alias_set=
ac_cv_env_host_alias_value=
ac_cv_env_target_alias_set=
ac_cv_env_target_alias_value=
ac_cv_f77_compiler_gnu=yes
ac_cv_f77_dummy_main=none
ac_cv_f77_libs=' -L/packages/pulsarsoft/versions/2019-09-12/usr/x86_64_nitrogen/lib -L/usr/lib/gcc/x86_64-redhat-linux/4.8.5 -L/usr/lib/gcc/x86_64-redhat-linux/4.8.5/../../../../lib64 -L/lib/../lib64 -L/usr/lib/../lib64 -L/usr/local/intel-XE-15.0/composer_xe_2015.3.187/compiler/lib/intel64 -L/usr/local/intel-XE-15.0/composer_xe_2015.3.187/ipp/../compiler/lib/intel64 -L/usr/local/intel-XE-15.0/composer_xe_2015.3.187/ipp/lib/intel64 -L/usr/local/intel-XE-15.0/composer_xe_2015.3.187/mkl/lib/intel64 -L/usr/local/intel-XE-15.0/composer_xe_2015.3.187/tbb/lib/intel64/gcc4.4 -L/usr/lib/gcc/x86_64-redhat-linux/4.8.5/../../.. -lgfortran -lm -lquadmath'
ac_cv_f77_mangling='lower case, underscore, no extra underscore'
ac_cv_fc_compiler_gnu=yes
ac_cv_fortran_dummy_main=none
ac_cv_func_connect=yes
ac_cv_func_gethostbyname=yes
ac_cv_func_remove=yes
ac_cv_func_shmat=yes
ac_cv_have_x='have_x=yes	ac_x_includes='\'''\''	ac_x_libraries='\'''\'''
ac_cv_header_dlfcn_h=yes
ac_cv_header_inttypes_h=yes
ac_cv_header_memory_h=yes
ac_cv_header_stdc=yes
ac_cv_header_stdint_h=yes
ac_cv_header_stdlib_h=yes
ac_cv_header_string_h=yes
ac_cv_header_strings_h=yes
ac_cv_header_sys_stat_h=yes
ac_cv_header_sys_types_h=yes
ac_cv_header_unistd_h=yes
ac_cv_host=x86_64-unknown-linux-gnu
ac_cv_lib_ICE_IceConnectionNumber=yes
ac_cv_lib_m_cos=yes
ac_cv_objext=o
ac_cv_path_EGREP='/bin/grep -E'
ac_cv_path_FGREP='/bin/grep -F'
ac_cv_path_GREP=/bin/grep
ac_cv_path_GSL_CONFIG=/packages/pulsarsoft/versions/2019-09-12/usr/x86_64_nitrogen/bin/gsl-config
ac_cv_path_PKG_CONFIG=/bin/pkg-config
ac_cv_path_SED=/bin/sed
ac_cv_path_install='/bin/install -c'
ac_cv_path_mkdir=/bin/mkdir
ac_cv_prog_AWK=gawk
ac_cv_prog_CPP='/usr/bin/gcc -E'
ac_cv_prog_CXXCPP='/usr/bin/g++ -E'
ac_cv_prog_ac_ct_AR=ar
ac_cv_prog_ac_ct_CC=/usr/bin/gcc
ac_cv_prog_ac_ct_OBJDUMP=objdump
ac_cv_prog_ac_ct_RANLIB=ranlib
ac_cv_prog_ac_ct_STRIP=strip
ac_cv_prog_cc__usr_bin_gcc_c_o=yes
ac_cv_prog_cc_c89=
ac_cv_prog_cc_g=yes
ac_cv_prog_cxx_g=yes
ac_cv_prog_f77_c_o=yes
ac_cv_prog_f77_g=yes
ac_cv_prog_f77_v=-v
ac_cv_prog_fc_g=yes
ac_cv_prog_make_make_set=yes
ac_cv_socket_libs=-lc
ac_cv_sys_file_offset_bits=no
ac_cv_sys_largefile_CC=no
am_cv_CC_dependencies_compiler_type=gcc3
am_cv_CXX_dependencies_compiler_type=gcc3
am_cv_make_support_nested_variables=yes
lt_cv_ar_at_file=@
lt_cv_archive_cmds_need_lc=no
lt_cv_deplibs_check_method=pass_all
lt_cv_file_magic_cmd='$MAGIC_CMD'
lt_cv_file_magic_test_file=
lt_cv_ld_reload_flag=-r
lt_cv_nm_interface='BSD nm'
lt_cv_objdir=.libs
lt_cv_path_LD=/bin/ld
lt_cv_path_LDCXX='/bin/ld -m elf_x86_64'
lt_cv_path_NM='/bin/nm -B'
lt_cv_path_mainfest_tool=no
lt_cv_prog_compiler_c_o=yes
lt_cv_prog_compiler_c_o_CXX=yes
lt_cv_prog_compiler_c_o_F77=yes
lt_cv_prog_compiler_c_o_FC=yes
lt_cv_prog_compiler_pic='-fPIC -DPIC'
lt_cv_prog_compiler_pic_CXX='-fPIC -DPIC'
lt_cv_prog_compiler_pic_F77=-fPIC
lt_cv_prog_compiler_pic_FC=-fPIC
lt_cv_prog_compiler_pic_works=yes
lt_cv_prog_compiler_pic_works_CXX=yes
lt_cv_prog_compiler_pic_works_F77=yes
lt_cv_prog_compiler_pic_works_FC=yes
lt_cv_prog_compiler_rtti_exceptions=no
lt_cv_prog_compiler_static_works=no
lt_cv_prog_compiler_static_works_CXX=no
lt_cv_prog_compiler_static_works_F77=no
lt_cv_prog_compiler_static_works_FC=no
lt_cv_prog_gnu_ld=yes
lt_cv_prog_gnu_ldcxx=yes
lt_cv_sharedlib_from_linklib_cmd='printf %s\n'
lt_cv_shlibpath_overrides_runpath=no
lt_cv_sys_global_symbol_pipe='sed -n -e '\''s/^.*[	 ]\([ABCDGIRSTW][ABCDGIRSTW]*\)[	 ][	 ]*\([_A-Za-z][_A-Za-z0-9]*\)$/\1 \2 \2/p'\'' | sed '\''/ __gnu_lto/d'\'''
lt_cv_sys_global_symbol_to_c_name_address='sed -n -e '\''s/^: \([^ ]*\)[ ]*$/  {\"\1\", (void *) 0},/p'\'' -e '\''s/^[ABCDGIRSTW]* \([^ ]*\) \([^ ]*\)$/  {"\2", (void *) \&\2},/p'\'''
lt_cv_sys_global_symbol_to_c_name_address_lib_prefix='sed -n -e '\''s/^: \([^ ]*\)[ ]*$/  {\"\1\", (void *) 0},/p'\'' -e '\''s/^[ABCDGIRSTW]* \([^ ]*\) \(lib[^ ]*\)$/  {"\2", (void *) \&\2},/p'\'' -e '\''s/^[ABCDGIRSTW]* \([^ ]*\) \([^ ]*\)$/  {"lib\2", (void *) \&\2},/p'\'''
lt_cv_sys_global_symbol_to_cdecl='sed -n -e '\''s/^T .* \(.*\)$/extern int \1();/p'\'' -e '\''s/^[ABCDGIRSTW]* .* \(.*\)$/extern char \1;/p'\'''
lt_cv_sys_max_cmd_len=1572864
lt_cv_to_host_file_cmd=func_convert_file_noop
lt_cv_to_tool_file_cmd=func_convert_file_noop

## ----------------- ##
## Output variables. ##
## ----------------- ##

ACLOCAL='${SHELL} /local/scratch/cagar/psrsalsa_cagar/psrsalsa-1.0/config/missing aclocal-1.13'
AMDEPBACKSLASH='\'
AMDEP_FALSE='#'
AMDEP_TRUE=''
AMTAR='$${TAR-tar}'
AM_BACKSLASH='\'
AM_DEFAULT_V='$(AM_DEFAULT_VERBOSITY)'
AM_DEFAULT_VERBOSITY='1'
AM_V='$(V)'
AR='ar'
AUTOCONF='${SHELL} /local/scratch/cagar/psrsalsa_cagar/psrsalsa-1.0/config/missing autoconf'
AUTOHEADER='${SHELL} /local/scratch/cagar/psrsalsa_cagar/psrsalsa-1.0/config/missing autoheader'
AUTOMAKE='${SHELL} /local/scratch/cagar/psrsalsa_cagar/psrsalsa-1.0/config/missing automake-1.13'
AWK='gawk'
CC='/usr/bin/gcc'
CCDEPMODE='depmode=gcc3'
CFITSIO_CFLAGS=''
CFITSIO_LIBS='-L/packages/pulsarsoft/versions/2019-09-12/usr/x86_64_nitrogen/lib -lcfitsio -lm '
CFLAGS='-I/packages/pulsarsoft/versions/2019-09-12/usr/x86_64_nitrogen/include -O2 -g -march=core2 -mtune=generic -pipe -Wno-error'
CPP='/usr/bin/gcc -E'
CPPFLAGS=''
CXX='/usr/bin/g++'
CXXCPP='/usr/bin/g++ -E'
CXXDEPMODE='depmode=gcc3'
CXXFLAGS='-I/packages/pulsarsoft/versions/2019-09-12/usr/x86_64_nitrogen/include -O2 -g -march=core2 -mtune=generic -pipe'
CYGPATH_W='echo'
DEFS='-DHAVE_CONFIG_H'
DEPDIR='.deps'
DLLTOOL='false'
DSYMUTIL=''
DUMPBIN=''
ECHO_C=''
ECHO_N='-n'
ECHO_T=''
EGREP='/bin/grep -E'
EXEEXT=''
F77='/usr/bin/gfortran'
FC='/usr/bin/gfortran'
FCFLAGS='-g -O2'
FFLAGS='-O -g -ffixed-line-length-none'
FFTW_CFLAGS=' -I/include -pthread -DFFTW_THREADS'
FFTW_LIBS='-lfftw3f_threads -L/lib -lfftw3f -lm '
FGREP='/bin/grep -F'
FLIBS=' -L/packages/pulsarsoft/versions/2019-09-12/usr/x86_64_nitrogen/lib -L/usr/lib/gcc/x86_64-redhat-linux/4.8.5 -L/usr/lib/gcc/x86_64-redhat-linux/4.8.5/../../../../lib64 -L/lib/../lib64 -L/usr/lib/../lib64 -L/usr/local/intel-XE-15.0/composer_xe_2015.3.187/compiler/lib/intel64 -L/usr/local/intel-XE-15.0/composer_xe_2015.3.187/ipp/../compiler/lib/intel64 -L/usr/local/intel-XE-15.0/composer_xe_2015.3.187/ipp/lib/intel64 -L/usr/local/intel-XE-15.0/composer_xe_2015.3.187/mkl/lib/intel64 -L/usr/local/intel-XE-15.0/composer_xe_2015.3.187/tbb/lib/intel64/gcc4.4 -L/usr/lib/gcc/x86_64-redhat-linux/4.8.5/../../.. -lgfortran -lm -lquadmath'
GREP='/bin/grep'
GSL_CFLAGS='-I/packages/pulsarsoft/versions/2019-09-12/usr/x86_64_nitrogen/include -DGSL_VERSION_NUMBER=206'
GSL_CONFIG='/packages/pulsarsoft/versions/2019-09-12/usr/x86_64_nitrogen/bin/gsl-config'
GSL_LIBS='-L/packages/pulsarsoft/versions/2019-09-12/usr/x86_64_nitrogen/lib -lgsl -lgslcblas -lm'
GTK_CFLAGS='-pthread -I/usr/include/gtk-3.0 -I/usr/include/atk-1.0 -I/usr/include/at-spi2-atk/2.0 -I/usr/include/pango-1.0 -I/usr/include/gio-unix-2.0/ -I/usr/include/cairo -I/usr/include/gdk-pixbuf-2.0 -I/usr/include/glib-2.0 -I/usr/lib64/glib-2.0/include -I/usr/include/at-spi-2.0 -I/usr/include/dbus-1.0 -I/usr/lib64/dbus-1.0/include -I/usr/include/libdrm -I/usr/include/harfbuzz -I/usr/include/freetype2 -I/usr/include/fribidi -I/usr/include/libpng15 -I/usr/include/uuid -I/usr/include/pixman-1   -DTEMPO3_EnableGTK=1'
GTK_LIBS='-lgtk-3 -lgdk-3 -latk-1.0 -lgio-2.0 -lpangocairo-1.0 -lgdk_pixbuf-2.0 -lcairo-gobject -lpango-1.0 -lcairo -lgobject-2.0 -lglib-2.0  '
HAVE_CFITSIO_FALSE='#'
HAVE_CFITSIO_TRUE=''
HAVE_FFTW_FALSE='#'
HAVE_FFTW_TRUE=''
HAVE_GSL_FALSE='#'
HAVE_GSL_TRUE=''
HAVE_PGPLOT_FALSE='#'
HAVE_PGPLOT_TRUE=''
INSTALL_DATA='${INSTALL} -m 644'
INSTALL_PROGRAM='${INSTALL}'
INSTALL_SCRIPT='${INSTALL}'
INSTALL_STRIP_PROGRAM='$(install_sh) -c -s'
LD='/bin/ld -m elf_x86_64'
LDFLAGS='-L/packages/pulsarsoft/versions/2019-09-12/usr/x86_64_nitrogen/lib '
LIBOBJS=''
LIBS='-lm '
LIBTOOL='$(SHELL) $(top_builddir)/libtool'
LIPO=''
LN_S='ln -s'
LTLIBOBJS=''
MAKEINFO='${SHELL} /local/scratch/cagar/psrsalsa_cagar/psrsalsa-1.0/config/missing makeinfo'
MANIFEST_TOOL=':'
MKDIR_P='/bin/mkdir -p'
NM='/bin/nm -B'
NMEDIT=''
OBJDUMP='objdump'
OBJEXT='o'
OTOOL64=''
OTOOL=''
PACKAGE='psrsalsa'
PACKAGE_BUGREPORT='patrick.weltevrede@manchester.ac.uk'
PACKAGE_NAME='psrsalsa'
PACKAGE_STRING='psrsalsa 1.0'
PACKAGE_TARNAME='psrsalsa'
PACKAGE_URL='https://github.com/weltevrede/psrsalsa/'
PACKAGE_VERSION='1.0'
PATH_SEPARATOR=':'
PGPLOT_CFLAGS='-I/packages/pulsarsoft/versions/2019-09-12/usr/x86_64_nitrogen/share/pgplot'
PGPLOT_LIBS='-L/packages/pulsarsoft/versions/2019-09-12/usr/x86_64_nitrogen/share/pgplot -lcpgplot -lpgplot  -L/packages/pulsarsoft/versions/2019-09-12/usr/x86_64_nitrogen/lib -L/usr/lib/gcc/x86_64-redhat-linux/4.8.5 -L/usr/lib/gcc/x86_64-redhat-linux/4.8.5/../../../../lib64 -L/lib/../lib64 -L/usr/lib/../lib64 -L/usr/local/intel-XE-15.0/composer_xe_2015.3.187/compiler/lib/intel64 -L/usr/local/intel-XE-15.0/composer_xe_2015.3.187/ipp/../compiler/lib/intel64 -L/usr/local/intel-XE-15.0/composer_xe_2015.3.187/ipp/lib/intel64 -L/usr/local/intel-XE-15.0/composer_xe_2015.3.187/mkl/lib/intel64 -L/usr/local/intel-XE-15.0/composer_xe_2015.3.187/tbb/lib/intel64/gcc4.4 -L/usr/lib/gcc/x86_64-redhat-linux/4.8.5/../../.. -lgfortran -lm -lquadmath '
PKG_CONFIG='/bin/pkg-config'
PTHREAD_CC='/usr/bin/gcc'
PTHREAD_CFLAGS='-pthread'
PTHREAD_LIBS=''
RANLIB='ranlib'
SED='/bin/sed'
SET_MAKE=''
SHELL='/bin/sh'
SOCKET_LIBS=''
STRIP='strip'
VERSION='1.0'
XMKMF=''
X_CFLAGS=''
X_EXTRA_LIBS=''
X_LIBS=''
X_PRE_LIBS=' -lSM -lICE'
ac_ct_AR='ar'
ac_ct_CC='/usr/bin/gcc'
ac_ct_CXX=''
ac_ct_DUMPBIN=''
ac_ct_F77=''
ac_ct_FC=''
acx_pthread_config=''
am__EXEEXT_FALSE=''
am__EXEEXT_TRUE='#'
am__fastdepCC_FALSE='#'
am__fastdepCC_TRUE=''
am__fastdepCXX_FALSE='#'
am__fastdepCXX_TRUE=''
am__include='include'
am__isrc=''
am__leading_dot='.'
am__nodep='_no'
am__quote=''
am__tar='$${TAR-tar} chof - "$$tardir"'
am__untar='$${TAR-tar} xf -'
bindir='${exec_prefix}/bin'
build='x86_64-unknown-linux-gnu'
build_alias=''
build_cpu='x86_64'
build_os='linux-gnu'
build_vendor='unknown'
datadir='${datarootdir}'
datarootdir='${prefix}/share'
docdir='${datarootdir}/doc/${PACKAGE_TARNAME}'
dvidir='${docdir}'
exec_prefix='${prefix}'
host='x86_64-unknown-linux-gnu'
host_alias=''
host_cpu='x86_64'
host_os='linux-gnu'
host_vendor='unknown'
htmldir='${docdir}'
includedir='${prefix}/include'
infodir='${datarootdir}/info'
install_sh='${SHELL} /local/scratch/cagar/psrsalsa_cagar/psrsalsa-1.0/config/install-sh'
libdir='${exec_prefix}/lib'
libexecdir='${exec_prefix}/libexec'
localedir='${datarootdir}/locale'
localstatedir='${prefix}/var'
mandir='${datarootdir}/man'
mkdir_p='$(MKDIR_P)'
oldincludedir='/usr/include'
pdfdir='${docdir}'
prefix='/local/scratch/cagar/psrsalsa_cagar/psrsalsa-1.0'
program_transform_name='s,x,x,'
psdir='${docdir}'
sbindir='${exec_prefix}/sbin'
sharedstatedir='${prefix}/com'
sysconfdir='${prefix}/etc'
target_alias=''

## ----------- ##
## confdefs.h. ##
## ----------- ##

/* confdefs.h */
#define PACKAGE_NAME "psrsalsa"
#define PACKAGE_TARNAME "psrsalsa"
#define PACKAGE_VERSION "1.0"
#define PACKAGE_STRING "psrsalsa 1.0"
#define PACKAGE_BUGREPORT "patrick.weltevrede@manchester.ac.uk"
#define PACKAGE_URL "https://github.com/weltevrede/psrsalsa/"
#define STDC_HEADERS 1
#define HAVE_SYS_TYPES_H 1
#define HAVE_SYS_STAT_H 1
#define HAVE_STDLIB_H 1
#define HAVE_STRING_H 1
#define HAVE_MEMORY_H 1
#define HAVE_STRINGS_H 1
#define HAVE_INTTYPES_H 1
#define HAVE_STDINT_H 1
#define HAVE_UNISTD_H 1
#define HAVE_DLFCN_H 1
#define LT_OBJDIR ".libs/"
#define HAVE_LIBM 1
#define HAVE_PTHREAD 1
#define F77_FUNC(name,NAME) name ## _
#define F77_FUNC_(name,NAME) name ## _
#define HAVE_PGPLOT 1
#define HAVE_FFTW 1
#define HAVE_FFTW_THREADS 1
#define HAVE_CFITSIO 1
#define F77_FUNC(name,NAME) name ## _
#define F77_FUNC_(name,NAME) name ## _
#define PACKAGE "psrsalsa"
#define VERSION "1.0"

configure: exit 0
